 ____          _         
|    \ ___ ___| |___ _ _ 
|  |  | -_| . | | . | | |
|____/|___|  _|_|___|_  |
          |_|       |___|
[Info] Preparing and launching Geth
INFO [07-26|12:24:48.592] Bumping default cache on mainnet         provided=1024 updated=4096
INFO [07-26|12:24:48.601] Maximum peer count                       ETH=50 LES=0 total=50
INFO [07-26|12:24:48.601] Smartcard socket not found, disabling    err="stat /run/pcscd/pcscd.comm: no such file or directory"
ERROR[07-26|12:24:48.606] Failed to enumerate USB devices          hub=ledger vendor=11415 failcount=1 err="failed to initialize libusb: libusb: unknown error [code -99]"
ERROR[07-26|12:24:48.607] Failed to enumerate USB devices          hub=trezor vendor=21324 failcount=1 err="failed to initialize libusb: libusb: unknown error [code -99]"
ERROR[07-26|12:24:48.607] Failed to enumerate USB devices          hub=trezor vendor=4617  failcount=1 err="failed to initialize libusb: libusb: unknown error [code -99]"
ERROR[07-26|12:24:48.607] Failed to enumerate USB devices          hub=ledger vendor=11415 failcount=2 err="failed to initialize libusb: libusb: unknown error [code -99]"
ERROR[07-26|12:24:48.607] Failed to enumerate USB devices          hub=trezor vendor=21324 failcount=2 err="failed to initialize libusb: libusb: unknown error [code -99]"
ERROR[07-26|12:24:48.608] Failed to enumerate USB devices          hub=trezor vendor=4617  failcount=2 err="failed to initialize libusb: libusb: unknown error [code -99]"
Account #0: {b595a97bc6039095fc3b6aa165e75a4ee79959e4} keystore:///home/users/ccourageux/contracts-experiment/ethereum/ethnet/keystore/UTC--2019-07-22T14-42-26.328780940Z--b595a97bc6039095fc3b6aa165e75a4ee79959e4
Account #1: {94c31ea438e8b167eed7f20eccac69961c5d70cb} keystore:///home/users/ccourageux/contracts-experiment/ethereum/ethnet/keystore/UTC--2019-07-22T14-42-27.816194244Z--94c31ea438e8b167eed7f20eccac69961c5d70cb
Account #2: {af1d2af07bcac7fc6ccde93cfa03c270ccb9fdb2} keystore:///home/users/ccourageux/contracts-experiment/ethereum/ethnet/keystore/UTC--2019-07-22T14-42-29.283991818Z--af1d2af07bcac7fc6ccde93cfa03c270ccb9fdb2
INFO [07-26|12:24:48.643] Bumping default cache on mainnet         provided=1024 updated=4096
INFO [07-26|12:24:48.648] Maximum peer count                       ETH=50 LES=0 total=50
INFO [07-26|12:24:48.648] Smartcard socket not found, disabling    err="stat /run/pcscd/pcscd.comm: no such file or directory"
ERROR[07-26|12:24:48.649] Failed to enumerate USB devices          hub=ledger vendor=11415 failcount=1 err="failed to initialize libusb: libusb: unknown error [code -99]"
ERROR[07-26|12:24:48.649] Failed to enumerate USB devices          hub=trezor vendor=21324 failcount=1 err="failed to initialize libusb: libusb: unknown error [code -99]"
ERROR[07-26|12:24:48.649] Failed to enumerate USB devices          hub=trezor vendor=4617  failcount=1 err="failed to initialize libusb: libusb: unknown error [code -99]"
ERROR[07-26|12:24:48.649] Failed to enumerate USB devices          hub=ledger vendor=11415 failcount=2 err="failed to initialize libusb: libusb: unknown error [code -99]"
ERROR[07-26|12:24:48.649] Failed to enumerate USB devices          hub=trezor vendor=21324 failcount=2 err="failed to initialize libusb: libusb: unknown error [code -99]"
ERROR[07-26|12:24:48.649] Failed to enumerate USB devices          hub=trezor vendor=4617  failcount=2 err="failed to initialize libusb: libusb: unknown error [code -99]"
INFO [07-26|12:24:48.649] Allocated cache and file handles         database=/home/users/ccourageux/contracts-experiment/ethereum/ethnet/geth/chaindata cache=16.00MiB handles=16
INFO [07-26|12:24:48.661] Writing custom genesis block 
INFO [07-26|12:24:48.662] Persisted trie from memory database      nodes=4 size=645.00B time=499.784µs gcnodes=0 gcsize=0.00B gctime=0s livenodes=1 livesize=0.00B
INFO [07-26|12:24:48.662] Successfully wrote genesis state         database=chaindata hash=e2aafb…a53410
INFO [07-26|12:24:48.662] Allocated cache and file handles         database=/home/users/ccourageux/contracts-experiment/ethereum/ethnet/geth/lightchaindata cache=16.00MiB handles=16
INFO [07-26|12:24:48.672] Writing custom genesis block 
INFO [07-26|12:24:48.673] Persisted trie from memory database      nodes=4 size=645.00B time=749.024µs gcnodes=0 gcsize=0.00B gctime=0s livenodes=1 livesize=0.00B
INFO [07-26|12:24:48.674] Successfully wrote genesis state         database=lightchaindata hash=e2aafb…a53410
[Info] Unlock account
INFO [07-26|12:25:08.741] Bumping default cache on mainnet         provided=1024 updated=4096
true
[Info] Balance:
INFO [07-26|12:25:09.710] Bumping default cache on mainnet         provided=1024 updated=4096
1e+46
[Info] Start mining
INFO [07-26|12:25:09.920] Bumping default cache on mainnet         provided=1024 updated=4096
null
1.22user 0.30system 0:21.67elapsed 7%CPU (0avgtext+0avgdata 33288maxresident)k
16266inputs+0outputs (116major+21639minor)pagefaults 0swaps
