[Info] Compile contract
[Info] Migrate

Compiling your contracts...
===========================
> Compiling ./contracts/ConvertLib.sol
> Compiling ./contracts/MetaCoin.sol
> Compiling ./contracts/Migrations.sol
> Artifacts written to /home/users/ccourageux/contracts-experiment/ethereum/ethereum-contract/build/contracts
> Compiled successfully using:
   - solc: 0.5.0+commit.1d4f565a.Emscripten.clang


Starting migrations...
======================
> Network name:    'development'
> Network id:      15
> Block gas limit: 0x1ff973cafa8000


1_initial_migration.js
======================

   Deploying 'Migrations'
   ----------------------
   > transaction hash:    0x7b89f80e4ab96b03eef42934965a073d2c64c89e943dd1b31a72549d1e687260
- Blocks: 0            Seconds: 0
   > Blocks: 3            Seconds: 24
   > contract address:    0xB4C99C680C690aAd6d22084C2431dfa576f8132C
   > block number:        1
   > block timestamp:     1564136710
   > account:             0xb595a97bC6039095Fc3B6Aa165e75A4ee79959E4
   > balance:             10000000000000000000000000000000000000000000015
   > gas used:            284908
   > gas price:           20 gwei
   > value sent:          0 ETH
   > total cost:          0.00569816 ETH


- Saving migration to chain.
   > Saving migration to chain.
   > Saving artifacts
   -------------------------------------
   > Total cost:          0.00569816 ETH


2_deploy_contracts.js
=====================

   Deploying 'ConvertLib'
   ----------------------
   > transaction hash:    0xdda39252fb44677b85fe95fa20cf2a550a3bf1e8e721850f30b4cbabcaa86e5a
- Blocks: 0            Seconds: 0
   > Blocks: 0            Seconds: 0
   > contract address:    0x063dD4767f2b535F7874F4AB3e669820C6719faF
   > block number:        7
   > block timestamp:     1564136745
   > account:             0xb595a97bC6039095Fc3B6Aa165e75A4ee79959E4
   > balance:             10000000000000000000000000000000000000000000035
   > gas used:            111791
   > gas price:           20 gwei
   > value sent:          0 ETH
   > total cost:          0.00223582 ETH


   Linking
   -------
   * Contract: MetaCoin <--> Library: ConvertLib (at address: 0x063dD4767f2b535F7874F4AB3e669820C6719faF)

   Deploying 'MetaCoin'
   --------------------
   > transaction hash:    0xa230ceca5af5970ac48dff993faee291c818489f80a66c4e49957791156ca333
- Blocks: 0            Seconds: 0
   > Blocks: 0            Seconds: 0
   > contract address:    0xB3E9b00D15a663Ae0B4AB4475Bb655b455b4a89E
   > block number:        8
   > block timestamp:     1564136746
   > account:             0xb595a97bC6039095Fc3B6Aa165e75A4ee79959E4
   > balance:             10000000000000000000000000000000000000000000045
   > gas used:            411849
   > gas price:           20 gwei
   > value sent:          0 ETH
   > total cost:          0.00823698 ETH


- Saving migration to chain.
   > Saving migration to chain.
   > Saving artifacts
   -------------------------------------
   > Total cost:           0.0104728 ETH


Summary
=======
> Total deployments:   3
> Final cost:          0.01617096 ETH

7.63user 0.95system 0:41.52elapsed 20%CPU (0avgtext+0avgdata 572572maxresident)k
46464inputs+0outputs (135major+213847minor)pagefaults 0swaps
