 ____          _         
|    \ ___ ___| |___ _ _ 
|  |  | -_| . | | . | | |
|____/|___|  _|_|___|_  |
          |_|       |___|
Starting a Gradle Daemon, 1 incompatible and 5 stopped Daemons could not be reused, use --status for details
:cordapp-contracts-states:compileKotlin
w: /home/users/ccourageux/exp/corda/contracts-experiment/corda-dapp/cordapp-token-ownable/cordapp-contracts-states/src/main/kotlin/com/template/TokenContract.kt: (33, 55): Parameter 'setOfSigners' is never used
w: /home/users/ccourageux/exp/corda/contracts-experiment/corda-dapp/cordapp-token-ownable/cordapp-contracts-states/src/main/kotlin/com/template/TokenContract.kt: (58, 31): Parameter 'tx' is never used
w: /home/users/ccourageux/exp/corda/contracts-experiment/corda-dapp/cordapp-token-ownable/cordapp-contracts-states/src/main/kotlin/com/template/TokenContract.kt: (58, 54): Parameter 'ofSigners' is never used
:cordapp-contracts-states:compileJava NO-SOURCE
:cordapp-contracts-states:processResources
:cordapp-contracts-states:classes
:cordapp-contracts-states:configureCordappFatJar
:cordapp-contracts-states:inspectClassesForKotlinIC
:cordapp-contracts-states:jar
Cordapp metadata not defined for this gradle build file. See https://docs.corda.net/head/cordapp-build-systems.html#separation-of-cordapp-contracts-flows-and-services
:cordapp:compileKotlin
w: /home/users/ccourageux/exp/corda/contracts-experiment/corda-dapp/cordapp-token-ownable/cordapp/src/main/kotlin/com/template/CombineTokensFlow.kt: (41, 24): 'constructor FinalityFlow(SignedTransaction)' is deprecated. It is unsafe to use this constructor as it requires nodes to automatically accept notarised transactions without first checking their relevancy. Instead, use one of the constructors that requires only FlowSessions.
w: /home/users/ccourageux/exp/corda/contracts-experiment/corda-dapp/cordapp-token-ownable/cordapp/src/main/kotlin/com/template/IssueTokenFlow.kt: (31, 24): 'constructor FinalityFlow(SignedTransaction)' is deprecated. It is unsafe to use this constructor as it requires nodes to automatically accept notarised transactions without first checking their relevancy. Instead, use one of the constructors that requires only FlowSessions.
w: /home/users/ccourageux/exp/corda/contracts-experiment/corda-dapp/cordapp-token-ownable/cordapp/src/main/kotlin/com/template/TransferTokenFlow.kt: (44, 24): 'constructor FinalityFlow(SignedTransaction)' is deprecated. It is unsafe to use this constructor as it requires nodes to automatically accept notarised transactions without first checking their relevancy. Instead, use one of the constructors that requires only FlowSessions.
:cordapp:compileJava NO-SOURCE
:cordapp:processResources
:cordapp:classes
:cordapp:configureCordappFatJar
:cordapp:inspectClassesForKotlinIC
:cordapp:jar
Cordapp metadata not defined for this gradle build file. See https://docs.corda.net/head/cordapp-build-systems.html#separation-of-cordapp-contracts-flows-and-services
:compileKotlin NO-SOURCE
:compileJava NO-SOURCE
:processResources
:classes
:configureCordappFatJar
:inspectClassesForKotlinIC
:jar
:deployNodes
Running Cordform task
Deleting ./build/nodes
Bootstrapping local test network in /home/users/ccourageux/exp/corda/contracts-experiment/corda-dapp/cordapp-token-ownable/build/nodes
Generating node directory for PartyA
Generating node directory for PartyB
Generating node directory for PartyC
Generating node directory for Notary
Waiting for all nodes to generate their node-info files...
Distributing all node-info files to all nodes
Loading existing network parameters... none found
Gathering notary identities
Generating contract implementations whitelist
New NetworkParameters {
      minimumPlatformVersion=4
      notaries=[NotaryInfo(identity=O=Notary, L=London, C=GB, validating=false)]
      maxMessageSize=10485760
      maxTransactionSize=524288000
      whitelistedContractImplementations {
        
      }
      eventHorizon=PT720H
      packageOwnership {
        
      }
      modifiedTime=2019-07-26T08:50:05.594Z
      epoch=1
  }
Bootstrapping complete!

BUILD SUCCESSFUL in 47s
15 actionable tasks: 15 executed
1.44user 0.55system 0:47.77elapsed 4%CPU (0avgtext+0avgdata 108788maxresident)k
24724inputs+104outputs (91major+15575minor)pagefaults 0swaps
