gopath: /home/users/ccourageux/exp/tendermint/go
gobin: /home/users/ccourageux/exp/tendermint/go/bin
 _____ _             
|     | |___ ___ ___ 
|   --| | . |   | -_|
|_____|_|___|_|_|___|
                     
Cloning into 'contracts-experiment'...
GO111MODULE=on go install -tags " ledger" ./cmd/nsd
go: finding github.com/syndtr/goleveldb v1.0.0
go: finding github.com/tendermint/tendermint v0.31.5
go: finding github.com/mattn/go-isatty v0.0.7
go: finding github.com/gorilla/mux v1.7.0
go: finding github.com/tendermint/go-amino v0.15.0
go: finding github.com/spf13/afero v1.2.2
go: finding github.com/cosmos/cosmos-sdk v0.28.2-0.20190605232616-5f9c3fdf8895
go: finding github.com/spf13/cobra v0.0.3
go: finding github.com/spf13/viper v1.0.3
go: finding google.golang.org/genproto v0.0.0-20190327125643-d831d65fe17d
go: finding github.com/prometheus/procfs v0.0.0-20190328153300-af7bedc223fb
go: finding github.com/golang/snappy v0.0.0-20180518054509-2e65f85255db
go: finding github.com/onsi/gomega v1.4.3
go: finding google.golang.org/grpc v1.19.1
go: finding github.com/onsi/ginkgo v1.7.0
go: finding golang.org/x/sys v0.0.0-20190329044733-9eb1bfa1ce65
go: finding golang.org/x/sync v0.0.0-20190227155943-e225da77a7e6
go: finding github.com/stretchr/testify v1.3.0
go: finding github.com/davecgh/go-spew v1.1.1
go: finding github.com/google/gofuzz v0.0.0-20170612174753-24818f796faf
go: finding github.com/golang/protobuf v1.3.0
go: finding golang.org/x/sys v0.0.0-20190222072716-a9d3bda3a223
go: finding golang.org/x/tools v0.0.0-20190226205152-f727befe758c
go: finding github.com/fsnotify/fsnotify v1.4.7
go: finding golang.org/x/net v0.0.0-20190213061140-3a22650c66bd
go: finding google.golang.org/grpc v1.19.0
go: finding golang.org/x/sync v0.0.0-20181221193216-37e7f081c4d4
go: finding golang.org/x/sync v0.0.0-20180314180146-1d60e4601c6f
go: finding github.com/pmezard/go-difflib v1.0.0
go: finding github.com/golang/protobuf v1.2.0
go: finding golang.org/x/lint v0.0.0-20190227174305-5b3e6a55c961
go: finding github.com/onsi/ginkgo v1.6.0
go: finding github.com/prometheus/procfs v0.0.0-20190227231451-bbced9601137
go: finding github.com/prometheus/client_golang v0.9.2
go: finding github.com/mattn/go-isatty v0.0.6
go: finding github.com/fortytw2/leaktest v1.3.0
go: finding github.com/davecgh/go-spew v1.1.0
go: finding github.com/bartekn/go-bip39 v0.0.0-20171116152956-a05967ea095d
go: finding honnef.co/go/tools v0.0.0-20190102054323-c2f93a96b099
go: finding github.com/BurntSushi/toml v0.3.1
go: finding golang.org/x/net v0.0.0-20180826012351-8a410e7b638d
go: finding golang.org/x/net v0.0.0-20180906233101-161cd47e91fd
go: finding golang.org/x/sync v0.0.0-20181108010431-42b317875d0f
go: finding github.com/spf13/jwalterweatherman v1.1.0
go: finding gopkg.in/fsnotify.v1 v1.4.7
go: finding github.com/spf13/pflag v1.0.3
go: finding github.com/magiconair/properties v1.8.0
go: finding golang.org/x/exp v0.0.0-20190121172915-509febef88a4
go: finding golang.org/x/oauth2 v0.0.0-20180821212333-d2e6202438be
go: finding github.com/client9/misspell v0.3.4
go: finding github.com/prometheus/procfs v0.0.0-20181204211112-1dc9a6cbc91a
go: finding github.com/rcrowley/go-metrics v0.0.0-20180503174638-e2704e165165
go: finding github.com/prometheus/common v0.0.0-20181126121408-4724e9255275
go: finding github.com/prometheus/client_model v0.0.0-20180712105110-5c3871d89910
go: finding github.com/gorilla/websocket v1.4.0
go: finding google.golang.org/appengine v1.4.0
go: finding golang.org/x/text v0.3.0
go: finding golang.org/x/net v0.0.0-20181201002055-351d144fa1fc
go: finding github.com/hpcloud/tail v1.0.0
go: finding github.com/golang/glog v0.0.0-20160126235308-23def4e6c14b
go: finding github.com/tendermint/iavl v0.12.2
go: finding github.com/spf13/afero v1.2.1
go: finding github.com/btcsuite/btcd v0.0.0-20190115013929-ed77733ec07d
go: finding github.com/tendermint/btcd v0.1.1
go: finding github.com/spf13/cast v1.3.0
go: finding github.com/rs/cors v1.6.0
go: finding github.com/cosmos/ledger-cosmos-go v0.10.3
go: finding golang.org/x/sys v0.0.0-20180909124046-d0be0721c37e
go: finding github.com/prometheus/client_model v0.0.0-20190129233127-fd36f4220a90
go: finding github.com/tendermint/crypto v0.0.0-20180820045704-3764759f34a5
go: finding github.com/prometheus/common v0.2.0
go: finding github.com/hashicorp/hcl v1.0.0
go: finding gopkg.in/yaml.v2 v2.2.1
go: finding cloud.google.com/go v0.26.0
go: finding github.com/go-logfmt/logfmt v0.3.0
go: finding github.com/syndtr/goleveldb v0.0.0-20180708030551-c4c61651e9e3
go: finding golang.org/x/net v0.0.0-20180724234803-3673e40ba225
go: finding github.com/pelletier/go-toml v1.2.0
go: finding github.com/stretchr/objx v0.1.0
go: finding github.com/go-stack/stack v1.8.0
go: finding github.com/pkg/errors v0.8.0
go: finding github.com/mwitkow/go-conntrack v0.0.0-20161129095857-cc309e4a2223
go: finding golang.org/x/lint v0.0.0-20181026193005-c67002cb31c3
go: finding github.com/stretchr/testify v1.2.2
go: finding github.com/go-logfmt/logfmt v0.4.0
go: finding github.com/alecthomas/template v0.0.0-20160405071501-a0175ee3bccc
go: finding github.com/davecgh/go-spew v0.0.0-20171005155431-ecdeabc65495
go: finding github.com/golang/mock v1.1.1
go: finding github.com/jessevdk/go-flags v0.0.0-20141203071132-1679536dcc89
go: finding golang.org/x/sys v0.0.0-20181116152217-5ac8a444bdc5
go: finding github.com/alecthomas/units v0.0.0-20151022065526-2efee857e7cf
go: finding github.com/aead/siphash v1.0.1
go: finding github.com/btcsuite/goleveldb v0.0.0-20160330041536-7834afc9e8cd
go: finding github.com/inconshreveable/mousetrap v1.0.0
go: finding google.golang.org/genproto v0.0.0-20180831171423-11092d34479b
go: finding github.com/btcsuite/winsvc v1.0.0
go: finding github.com/bgentry/speakeasy v0.1.0
go: finding github.com/prometheus/client_golang v0.9.1
go: finding google.golang.org/appengine v1.1.0
go: finding google.golang.org/genproto v0.0.0-20180817151627-c66870c02cf8
go: finding github.com/cosmos/ledger-go v0.9.2
go: finding github.com/btcsuite/btcutil v0.0.0-20180706230648-ab6388e0c60a
go: finding github.com/zondax/hid v0.9.0
go: finding github.com/matttproud/golang_protobuf_extensions v1.0.1
go: finding github.com/prometheus/procfs v0.0.0-20181005140218-185b4288413d
go: finding github.com/mitchellh/mapstructure v1.1.2
go: finding github.com/kkdai/bstream v0.0.0-20161212061736-f391b8402d23
go: finding github.com/beorn7/perks v0.0.0-20180321164747-3a771d992973
go: finding github.com/btcsuite/go-socks v0.0.0-20170105172521-4720035b7bfd
go: finding github.com/jrick/logrotate v1.0.0
go: finding gopkg.in/alecthomas/kingpin.v2 v2.2.6
go: finding github.com/kr/logfmt v0.0.0-20140226030751-b84e30acd515
go: finding github.com/gogo/protobuf v1.1.1
go: finding github.com/go-kit/kit v0.8.0
go: finding github.com/btcsuite/snappy-go v0.0.0-20151229074030-0bdef8d06723
go: finding github.com/btcsuite/websocket v0.0.0-20150119174127-31079b680792
go: finding gopkg.in/yaml.v2 v2.2.2
go: finding github.com/julienschmidt/httprouter v1.2.0
go: finding github.com/VividCortex/gohistogram v1.0.0
go: finding github.com/jmhodges/levigo v1.0.0
go: finding github.com/sirupsen/logrus v1.2.0
go: finding github.com/btcsuite/btclog v0.0.0-20170628155309-84c8d2346e9f
go: finding golang.org/x/sys v0.0.0-20180830151530-49385e6e1522
go: finding gopkg.in/check.v1 v0.0.0-20161208181325-20d25e280405
go: finding golang.org/x/tools v0.0.0-20190114222345-bf090417da8b
go: finding github.com/cosmos/go-bip39 v0.0.0-20180618194314-52158e4697b8
go: finding gopkg.in/tomb.v1 v1.0.0-20141024135613-dd632973f1e7
go: finding github.com/golang/snappy v0.0.1
go: finding golang.org/x/net v0.0.0-20181114220301-adae6a3d119a
go: finding github.com/rakyll/statik v0.1.4
go: finding github.com/pkg/errors v0.8.1
go: finding github.com/stretchr/objx v0.1.1
go: finding golang.org/x/sys v0.0.0-20180905080454-ebe1bf3edb33
go: finding github.com/konsorten/go-windows-terminal-sequences v1.0.1
GO111MODULE=on go install -tags " ledger" ./cmd/nscli
36.03user 15.41system 0:36.70elapsed 140%CPU (0avgtext+0avgdata 522676maxresident)k
90410inputs+408792outputs (596major+2213036minor)pagefaults 0swaps
