I[2019-07-26|12:31:02.849] Starting ABCI with Tendermint                module=main 
E[2019-07-26|12:31:02.920] Couldn't connect to any seeds                module=p2p 
I[2019-07-26|12:31:07.933] Executed block                               module=state height=1 validTxs=0 invalidTxs=0
I[2019-07-26|12:31:07.940] Committed state                              module=state height=1 txs=0 appHash=2C2411EBA44BDBDFCC3ED7B400668B9120CED3BD36750DF91C13187B0620CCE4
I[2019-07-26|12:31:12.946] Executed block                               module=state height=2 validTxs=0 invalidTxs=0
I[2019-07-26|12:31:12.949] Committed state                              module=state height=2 txs=0 appHash=4915F3342EB1EFFBE14EFDE9A48BCBF108BE10E0F0FB9972F5622BF26DAD078E
I[2019-07-26|12:31:18.046] Executed block                               module=state height=3 validTxs=0 invalidTxs=0
I[2019-07-26|12:31:18.048] Committed state                              module=state height=3 txs=0 appHash=9A19DCF6FB9E679B69607DE045D3D691F46C42170CA84DC85C327A58FA501060
I[2019-07-26|12:31:23.013] Executed block                               module=state height=4 validTxs=0 invalidTxs=0
I[2019-07-26|12:31:23.015] Committed state                              module=state height=4 txs=0 appHash=B8DE29DB411A40DAE400D8E5098E0A586A21F96D27CBAB79CB8239D5146A0EAF
I[2019-07-26|12:31:28.027] Executed block                               module=state height=5 validTxs=0 invalidTxs=0
I[2019-07-26|12:31:28.031] Committed state                              module=state height=5 txs=0 appHash=B19CFFC58BAE86A8D878B1AC139D1A70C914E685FF8606810F130010480BE9D9
E[2019-07-26|12:31:32.920] Couldn't connect to any seeds                module=p2p 
I[2019-07-26|12:31:33.042] Executed block                               module=state height=6 validTxs=0 invalidTxs=0
I[2019-07-26|12:31:33.046] Committed state                              module=state height=6 txs=0 appHash=4EE632F2086B0A3FA5FB2EE2557C5D88AC47726058D26C895DA94A2D2E189906
I[2019-07-26|12:31:38.061] Executed block                               module=state height=7 validTxs=3 invalidTxs=0
I[2019-07-26|12:31:38.063] Committed state                              module=state height=7 txs=3 appHash=24D0BBE52736F7ADA22272F7BEDDCE2DFD79C8704BDEA0FD27F126F9B7C28F1B
I[2019-07-26|12:31:43.074] Executed block                               module=state height=8 validTxs=3 invalidTxs=0
I[2019-07-26|12:31:43.076] Committed state                              module=state height=8 txs=3 appHash=98F915085C7E6122CBF17322042D09B4A23ACE3B44DF8E17416356FF7BC6DC54
I[2019-07-26|12:31:48.086] Executed block                               module=state height=9 validTxs=3 invalidTxs=0
I[2019-07-26|12:31:48.088] Committed state                              module=state height=9 txs=3 appHash=BC54CBC2FCA2FD79131E6E8D863A378267115EBA76ABFC17C61669FB5EEB0222
I[2019-07-26|12:31:53.102] Executed block                               module=state height=10 validTxs=3 invalidTxs=0
I[2019-07-26|12:31:53.105] Committed state                              module=state height=10 txs=3 appHash=FB01DCD22102E72CEE96E266DA7070821447B53F9AC0D811AD46B47AAAF1B6EE
I[2019-07-26|12:31:58.117] Executed block                               module=state height=11 validTxs=3 invalidTxs=0
I[2019-07-26|12:31:58.119] Committed state                              module=state height=11 txs=3 appHash=8690AEEEE3FBC74AE63125FDDD05139BAF97A0E7B879E197F9337BB25BFD13C4
E[2019-07-26|12:32:02.920] Couldn't connect to any seeds                module=p2p 
I[2019-07-26|12:32:03.134] Executed block                               module=state height=12 validTxs=3 invalidTxs=0
I[2019-07-26|12:32:03.137] Committed state                              module=state height=12 txs=3 appHash=223D856135DD29FF15DE05E8975EE06F9F32483D81049F0613DB762837E7194D
I[2019-07-26|12:32:08.148] Executed block                               module=state height=13 validTxs=3 invalidTxs=0
I[2019-07-26|12:32:08.151] Committed state                              module=state height=13 txs=3 appHash=A996CAF67A9D745443C6BAE840183E2E2F3C37BBD575C20C02F9B7AA8B9C7304
I[2019-07-26|12:32:13.158] Executed block                               module=state height=14 validTxs=3 invalidTxs=0
I[2019-07-26|12:32:13.161] Committed state                              module=state height=14 txs=3 appHash=383126A44D1EF4581D57682A430EFF105EC320673225715955E5363F2A57FB19
I[2019-07-26|12:32:18.175] Executed block                               module=state height=15 validTxs=3 invalidTxs=0
I[2019-07-26|12:32:18.178] Committed state                              module=state height=15 txs=3 appHash=5E2EF30CE6FAE5890CFF522D5E731D3938FDD66DF7F7CB4B030E3AE5563BD921
I[2019-07-26|12:32:23.187] Executed block                               module=state height=16 validTxs=3 invalidTxs=0
I[2019-07-26|12:32:23.189] Committed state                              module=state height=16 txs=3 appHash=4A2DC66CF7242671D6F626F230A815424C96584AB05FD8C427803C88795B263F
I[2019-07-26|12:32:28.200] Executed block                               module=state height=17 validTxs=3 invalidTxs=0
I[2019-07-26|12:32:28.203] Committed state                              module=state height=17 txs=3 appHash=BA641705FB75FAF9C5A4237C5BBF7A56D9596E22254B4D8B5357A483CF356731
E[2019-07-26|12:32:32.920] Couldn't connect to any seeds                module=p2p 
I[2019-07-26|12:32:33.216] Executed block                               module=state height=18 validTxs=3 invalidTxs=0
I[2019-07-26|12:32:33.219] Committed state                              module=state height=18 txs=3 appHash=3D352D9721BAF80DFDF506750E36C95441462A3116EAB2A00A2F73F03BD26AC4
I[2019-07-26|12:32:38.230] Executed block                               module=state height=19 validTxs=3 invalidTxs=0
I[2019-07-26|12:32:38.233] Committed state                              module=state height=19 txs=3 appHash=B0468D6B03AF681FD092D076576E282A7DF3547B42D95C5E1D00FA85344BA802
I[2019-07-26|12:32:43.243] Executed block                               module=state height=20 validTxs=3 invalidTxs=0
I[2019-07-26|12:32:43.247] Committed state                              module=state height=20 txs=3 appHash=B07DCBF2E66EE1DABDB16FABC457A6F12DBA103BADB08479F5091CC0FC701136
I[2019-07-26|12:32:48.257] Executed block                               module=state height=21 validTxs=3 invalidTxs=0
I[2019-07-26|12:32:48.259] Committed state                              module=state height=21 txs=3 appHash=56AE37114D437B22BFE03C50A3091AC0EDE69222A96386F98CC546DF99B2FF0D
I[2019-07-26|12:32:53.273] Executed block                               module=state height=22 validTxs=3 invalidTxs=0
I[2019-07-26|12:32:53.276] Committed state                              module=state height=22 txs=3 appHash=3D7E664528180B35E96A4B986AB5B5BDB1D806931499B9CCC0AF60016880AE73
I[2019-07-26|12:32:58.287] Executed block                               module=state height=23 validTxs=3 invalidTxs=0
I[2019-07-26|12:32:58.290] Committed state                              module=state height=23 txs=3 appHash=33E01C96A773B45633F8DAAFCB43ACBBE32ED13BDB3B8E32B3C0C6B547B9FADE
E[2019-07-26|12:33:02.921] Couldn't connect to any seeds                module=p2p 
I[2019-07-26|12:33:03.299] Executed block                               module=state height=24 validTxs=3 invalidTxs=0
I[2019-07-26|12:33:03.301] Committed state                              module=state height=24 txs=3 appHash=92A96E8749493CEEA4ABB6D31238C9842C8CE0EB1E3CB86E93CFC5BBB65323BB
I[2019-07-26|12:33:08.316] Executed block                               module=state height=25 validTxs=3 invalidTxs=0
I[2019-07-26|12:33:08.319] Committed state                              module=state height=25 txs=3 appHash=AAD9528FEBC63D05C313614C366B4362D26F3C50D33F4F04A0738D9CF8C08721
I[2019-07-26|12:33:13.331] Executed block                               module=state height=26 validTxs=3 invalidTxs=0
I[2019-07-26|12:33:13.334] Committed state                              module=state height=26 txs=3 appHash=3BEAFE006AE835CFCE238B140A0EF8CEA806801C07F63D76BF8525A67EC2022C
I[2019-07-26|12:33:18.347] Executed block                               module=state height=27 validTxs=3 invalidTxs=0
I[2019-07-26|12:33:18.350] Committed state                              module=state height=27 txs=3 appHash=8E4842B93A26D76AA758D1EFBFA46F39409998D24F2F89BA6345DBDF51D1AE41
I[2019-07-26|12:33:23.359] Executed block                               module=state height=28 validTxs=3 invalidTxs=0
I[2019-07-26|12:33:23.362] Committed state                              module=state height=28 txs=3 appHash=19B6A0A9F7D4D8D7DFB3F1034D0F9DF6E4D8D495F376DFB08047D80A30A7D617
I[2019-07-26|12:33:28.375] Executed block                               module=state height=29 validTxs=3 invalidTxs=0
I[2019-07-26|12:33:28.379] Committed state                              module=state height=29 txs=3 appHash=060136767D85063C68475C2A4E6F1D6686D9D1EB57875198027B81A725EB91EF
E[2019-07-26|12:33:32.920] Couldn't connect to any seeds                module=p2p 
I[2019-07-26|12:33:33.389] Executed block                               module=state height=30 validTxs=3 invalidTxs=0
I[2019-07-26|12:33:33.392] Committed state                              module=state height=30 txs=3 appHash=A647BB7699A06E625A9E9F158774316907224E1A7BF4A689255BD30DF2DC4ADF
I[2019-07-26|12:33:38.400] Executed block                               module=state height=31 validTxs=3 invalidTxs=0
I[2019-07-26|12:33:38.404] Committed state                              module=state height=31 txs=3 appHash=3A4218B12C195B37F9DE3FFCB8E44A34C0ACF54CADB9EFF3923037DF052262DF
I[2019-07-26|12:33:43.416] Executed block                               module=state height=32 validTxs=3 invalidTxs=0
I[2019-07-26|12:33:43.419] Committed state                              module=state height=32 txs=3 appHash=84CC0E8EF7E7A277E9A763933E3044228E8F9E30D299CA42C2378D41039FBBC2
I[2019-07-26|12:33:48.428] Executed block                               module=state height=33 validTxs=3 invalidTxs=0
I[2019-07-26|12:33:48.432] Committed state                              module=state height=33 txs=3 appHash=7B1DE4797AB2B602BB6DD0732605E9AB2984BC471EF1C7866AEE79FB66EDE517
I[2019-07-26|12:33:53.441] Executed block                               module=state height=34 validTxs=3 invalidTxs=0
I[2019-07-26|12:33:53.445] Committed state                              module=state height=34 txs=3 appHash=75020C9F7CDDEC6EFC58DFBA05F6A6FB64916183D4E4B4F1EE2DDAA694DB6E96
I[2019-07-26|12:33:58.457] Executed block                               module=state height=35 validTxs=3 invalidTxs=0
I[2019-07-26|12:33:58.460] Committed state                              module=state height=35 txs=3 appHash=373F1BD0AA3A30D82EAF2106C76847BA1028E0C7555429A48AC620C72626C574
E[2019-07-26|12:34:02.920] Couldn't connect to any seeds                module=p2p 
I[2019-07-26|12:34:03.472] Executed block                               module=state height=36 validTxs=3 invalidTxs=0
I[2019-07-26|12:34:03.476] Committed state                              module=state height=36 txs=3 appHash=5C38B33E714CA4F480A215ED2F04A105CACE575B0BF8376FDA32173685DC60B2
I[2019-07-26|12:34:08.487] Executed block                               module=state height=37 validTxs=3 invalidTxs=0
I[2019-07-26|12:34:08.490] Committed state                              module=state height=37 txs=3 appHash=075F24B13FDA153B4D0C24F35503829C372D048C0DB2CF6F00A1691B34106992
I[2019-07-26|12:34:13.504] Executed block                               module=state height=38 validTxs=3 invalidTxs=0
I[2019-07-26|12:34:13.508] Committed state                              module=state height=38 txs=3 appHash=519062E3A338C20F922B8982682C29DA5AA9502351BD44A2ED442BE221D0242C
I[2019-07-26|12:34:18.521] Executed block                               module=state height=39 validTxs=3 invalidTxs=0
I[2019-07-26|12:34:18.525] Committed state                              module=state height=39 txs=3 appHash=EA0A7B11BF395A40BC08ABF6D0102F5B4033C86FC166CC929D9D8FA1F169F4E7
I[2019-07-26|12:34:23.604] Executed block                               module=state height=40 validTxs=3 invalidTxs=0
I[2019-07-26|12:34:23.608] Committed state                              module=state height=40 txs=3 appHash=D47A39638510E3BFA1A3A51552023A3D1A56046A41D93C8D02FA8E66DBC765C1
I[2019-07-26|12:34:28.616] Executed block                               module=state height=41 validTxs=3 invalidTxs=0
I[2019-07-26|12:34:28.619] Committed state                              module=state height=41 txs=3 appHash=B168877B7907C0100F39B5D914F093324459BEADCCA32513D51947E6F08C9ED6
E[2019-07-26|12:34:32.920] Couldn't connect to any seeds                module=p2p 
I[2019-07-26|12:34:33.632] Executed block                               module=state height=42 validTxs=3 invalidTxs=0
I[2019-07-26|12:34:33.635] Committed state                              module=state height=42 txs=3 appHash=24B48661E262E086D4882C18BBF71847861725F125CACE3AE98DC01EDF2CBA44
I[2019-07-26|12:34:38.644] Executed block                               module=state height=43 validTxs=3 invalidTxs=0
I[2019-07-26|12:34:38.648] Committed state                              module=state height=43 txs=3 appHash=9B3CC59CB58F6232F6965DB4728658C41628D0101746E3F26DBD93DA3B58671B
I[2019-07-26|12:34:43.661] Executed block                               module=state height=44 validTxs=3 invalidTxs=0
I[2019-07-26|12:34:43.665] Committed state                              module=state height=44 txs=3 appHash=FA19C7A496912E3F24EF0C26B1401295E4F5AE671E5EC16B271216BA9B04600C
I[2019-07-26|12:34:48.676] Executed block                               module=state height=45 validTxs=3 invalidTxs=0
I[2019-07-26|12:34:48.681] Committed state                              module=state height=45 txs=3 appHash=97C149BD82EF630EA929F4AE94F22DFF5A3681A3B41A037B905165E7C41B459F
I[2019-07-26|12:34:53.689] Executed block                               module=state height=46 validTxs=3 invalidTxs=0
I[2019-07-26|12:34:53.693] Committed state                              module=state height=46 txs=3 appHash=5F26EEA791271EA2F33678FBD89E8F2A30ECD984AB49071E186AC8A6A79F7381
I[2019-07-26|12:34:58.702] Executed block                               module=state height=47 validTxs=3 invalidTxs=0
I[2019-07-26|12:34:58.707] Committed state                              module=state height=47 txs=3 appHash=A5C4A9D53EA58B51D409CD43AB61377A3E95EA62BDF2B40D1FDBA97467709C9B
E[2019-07-26|12:35:02.921] Couldn't connect to any seeds                module=p2p 
I[2019-07-26|12:35:03.719] Executed block                               module=state height=48 validTxs=3 invalidTxs=0
I[2019-07-26|12:35:03.723] Committed state                              module=state height=48 txs=3 appHash=5C831D11DAAEA038F5A16445BA63B10FC0335F6634EA9C6C41316F71214E2F82
I[2019-07-26|12:35:08.731] Executed block                               module=state height=49 validTxs=3 invalidTxs=0
I[2019-07-26|12:35:08.735] Committed state                              module=state height=49 txs=3 appHash=D7A79775CEE12F134108F0496E7BFC60FFD913D5B88B696328C2751743703900
I[2019-07-26|12:35:13.745] Executed block                               module=state height=50 validTxs=3 invalidTxs=0
I[2019-07-26|12:35:13.749] Committed state                              module=state height=50 txs=3 appHash=CE7B3370A8A8F63BCAB27F8267599E0B9EE515D4D82261400570399518940999
I[2019-07-26|12:35:18.762] Executed block                               module=state height=51 validTxs=3 invalidTxs=0
I[2019-07-26|12:35:18.766] Committed state                              module=state height=51 txs=3 appHash=591669BFFB80C941BFE4EF285D079CA14E408A3ECFD2A68DF72A3DAFF9A1DC86
I[2019-07-26|12:35:23.776] Executed block                               module=state height=52 validTxs=3 invalidTxs=0
I[2019-07-26|12:35:23.780] Committed state                              module=state height=52 txs=3 appHash=DF4C6A76B0EB45F3011217B38BAA9086A51EDAC61C45AB268068A53FA03BAD97
I[2019-07-26|12:35:28.789] Executed block                               module=state height=53 validTxs=3 invalidTxs=0
I[2019-07-26|12:35:28.793] Committed state                              module=state height=53 txs=3 appHash=1251F1B6CD8195A6B3E8B2335615E978344C9FC359F9E28C6C6CAA17CBA544EB
E[2019-07-26|12:35:32.920] Couldn't connect to any seeds                module=p2p 
I[2019-07-26|12:35:33.806] Executed block                               module=state height=54 validTxs=3 invalidTxs=0
I[2019-07-26|12:35:33.811] Committed state                              module=state height=54 txs=3 appHash=5BE7F71A52F4C05896204E82BF4230EE711D15B2BE35FEBD19F85874D3919657
I[2019-07-26|12:35:38.820] Executed block                               module=state height=55 validTxs=3 invalidTxs=0
I[2019-07-26|12:35:38.824] Committed state                              module=state height=55 txs=3 appHash=E987EF370AF2E29C5B615950F74E4F63F2B5D5E8027F25A29D427CF6D16A4609
I[2019-07-26|12:35:43.837] Executed block                               module=state height=56 validTxs=3 invalidTxs=0
I[2019-07-26|12:35:43.843] Committed state                              module=state height=56 txs=3 appHash=961A7569B817F1896C763211D0BD57897450982814CDBBF43C545CDFE1F58F2B
I[2019-07-26|12:35:48.852] Executed block                               module=state height=57 validTxs=3 invalidTxs=0
I[2019-07-26|12:35:48.856] Committed state                              module=state height=57 txs=3 appHash=6F4FC6FE62285A8A6041A39A15C81E676FB066B100E57EE8FC74C3319CBA94B8
I[2019-07-26|12:35:53.867] Executed block                               module=state height=58 validTxs=3 invalidTxs=0
I[2019-07-26|12:35:53.872] Committed state                              module=state height=58 txs=3 appHash=B79654B8002B809E6FE44F6F3D8AE9675D2C5A4B9EF47BA6FD15E8796EA6E935
I[2019-07-26|12:35:58.882] Executed block                               module=state height=59 validTxs=3 invalidTxs=0
I[2019-07-26|12:35:58.885] Committed state                              module=state height=59 txs=3 appHash=4BC149D2DE77ACFB26B13FEFDE7B60BB6ED2010E9FE8C5F19A616B6F17E0FA28
E[2019-07-26|12:36:02.920] Couldn't connect to any seeds                module=p2p 
I[2019-07-26|12:36:03.896] Executed block                               module=state height=60 validTxs=3 invalidTxs=0
I[2019-07-26|12:36:03.901] Committed state                              module=state height=60 txs=3 appHash=385FEFE58C23BC18C41C6CC62D32E44E20E9E1C222238862B1BC7F55485E44A0
I[2019-07-26|12:36:08.911] Executed block                               module=state height=61 validTxs=3 invalidTxs=0
I[2019-07-26|12:36:08.917] Committed state                              module=state height=61 txs=3 appHash=8A0D0754504CAF28DED1EB38CE9DAE9261675B2B0A099CE528DEA3418FC9321F
I[2019-07-26|12:36:13.926] Executed block                               module=state height=62 validTxs=3 invalidTxs=0
I[2019-07-26|12:36:13.932] Committed state                              module=state height=62 txs=3 appHash=65A68D0660E6660CC6919FB7137686438F5F29C3667342CEB1F73598AE0064F4
I[2019-07-26|12:36:18.944] Executed block                               module=state height=63 validTxs=3 invalidTxs=0
I[2019-07-26|12:36:18.949] Committed state                              module=state height=63 txs=3 appHash=8D47BDECCB2D9E61C47D153A8ECC5FA4D8FF3F60D96CFC89CA5A5445D8144D74
I[2019-07-26|12:36:23.956] Executed block                               module=state height=64 validTxs=3 invalidTxs=0
I[2019-07-26|12:36:23.962] Committed state                              module=state height=64 txs=3 appHash=0FEEB99ECFFF9E779D4D219B1036128A88E1DC21E45BD132C35FA16E95215AEB
I[2019-07-26|12:36:28.975] Executed block                               module=state height=65 validTxs=3 invalidTxs=0
I[2019-07-26|12:36:28.980] Committed state                              module=state height=65 txs=3 appHash=CB99068D9DD3AE22F709ABE0A4274C5CEC6BE62BA86A53200EA90EA0DBC9BDEE
E[2019-07-26|12:36:32.920] Couldn't connect to any seeds                module=p2p 
I[2019-07-26|12:36:33.984] Executed block                               module=state height=66 validTxs=3 invalidTxs=0
I[2019-07-26|12:36:33.987] Committed state                              module=state height=66 txs=3 appHash=C61B7AC2960725A9A3ADFF14E8CBE2876425B990861E1B4D05B480F18A20E4B7
I[2019-07-26|12:36:38.999] Executed block                               module=state height=67 validTxs=3 invalidTxs=0
I[2019-07-26|12:36:39.006] Committed state                              module=state height=67 txs=3 appHash=0BC94DD9CBA97DA8E2356749CBE915AFAE27394621C33FCBD9969B69AE2CDF2B
I[2019-07-26|12:36:44.016] Executed block                               module=state height=68 validTxs=3 invalidTxs=0
I[2019-07-26|12:36:44.023] Committed state                              module=state height=68 txs=3 appHash=17CC31BF81E7F3EFB0170BFBA1475DBA8FFE12E370A1129AF2A9B1EC12FCEFA4
I[2019-07-26|12:36:49.033] Executed block                               module=state height=69 validTxs=3 invalidTxs=0
I[2019-07-26|12:36:49.039] Committed state                              module=state height=69 txs=3 appHash=4F49EFFD8077B471975E5F4777E68A7D3F0826774AF5031BF172338059AD33D1
I[2019-07-26|12:36:54.048] Executed block                               module=state height=70 validTxs=3 invalidTxs=0
I[2019-07-26|12:36:54.054] Committed state                              module=state height=70 txs=3 appHash=E56D311ED5C9C74EB28EE0F2286CA1BF2D6E0F54BD83F60F883BBED05AE4DB9A
I[2019-07-26|12:36:59.059] Executed block                               module=state height=71 validTxs=3 invalidTxs=0
I[2019-07-26|12:36:59.063] Committed state                              module=state height=71 txs=3 appHash=F22005EA67F8F6A1A4C218773C956527B646627109D8D0D8B09870657FBEA5D4
E[2019-07-26|12:37:02.922] Couldn't connect to any seeds                module=p2p 
I[2019-07-26|12:37:04.077] Executed block                               module=state height=72 validTxs=3 invalidTxs=0
I[2019-07-26|12:37:04.083] Committed state                              module=state height=72 txs=3 appHash=2C7ACDAA27719DF5FC8A5261E3100900AAEDF568BD023C02ED52E2038019DD58
I[2019-07-26|12:37:09.094] Executed block                               module=state height=73 validTxs=3 invalidTxs=0
I[2019-07-26|12:37:09.099] Committed state                              module=state height=73 txs=3 appHash=022DF1F25CB78C74EAB95F020E2A04B6B7BD812C30E06AFAF9AE321784C6ABCB
I[2019-07-26|12:37:14.106] Executed block                               module=state height=74 validTxs=3 invalidTxs=0
I[2019-07-26|12:37:14.109] Committed state                              module=state height=74 txs=3 appHash=87BA06A2FF0C01E123470B9F64A3965E3D78D3A9E8AE44C17CF3783E5B9134C8
I[2019-07-26|12:37:19.121] Executed block                               module=state height=75 validTxs=3 invalidTxs=0
I[2019-07-26|12:37:19.127] Committed state                              module=state height=75 txs=3 appHash=B19ACB99DA44F742E24D3C3AF57CD97B2C2A6D65F4A43C0E7B28C6B664E21603
I[2019-07-26|12:37:24.135] Executed block                               module=state height=76 validTxs=3 invalidTxs=0
I[2019-07-26|12:37:24.140] Committed state                              module=state height=76 txs=3 appHash=9A0325CC0BFC4419475F3E00EB3A35A8B0BCCC996759AAD7A84D309A99A7CEE6
I[2019-07-26|12:37:29.152] Executed block                               module=state height=77 validTxs=3 invalidTxs=0
I[2019-07-26|12:37:29.160] Committed state                              module=state height=77 txs=3 appHash=3269AEF1402B9BE210573E3974F8EFA38A3E340A09C4A90C759B79316C3991C5
E[2019-07-26|12:37:32.920] Couldn't connect to any seeds                module=p2p 
I[2019-07-26|12:37:34.162] Executed block                               module=state height=78 validTxs=3 invalidTxs=0
I[2019-07-26|12:37:34.166] Committed state                              module=state height=78 txs=3 appHash=B3FDE08514DBB6601CC8F1353FDE4533DD958AB860DA42FF7D895C23D996A735
I[2019-07-26|12:37:39.180] Executed block                               module=state height=79 validTxs=3 invalidTxs=0
I[2019-07-26|12:37:39.187] Committed state                              module=state height=79 txs=3 appHash=90F94C00361612FDC30D02F94AC1B40AD59307A6F9B94F3BFE9B611E67FCF15E
I[2019-07-26|12:37:44.197] Executed block                               module=state height=80 validTxs=3 invalidTxs=0
I[2019-07-26|12:37:44.204] Committed state                              module=state height=80 txs=3 appHash=1F196A83E9A384CA9C9044915EA276A2079AABF901BBBDDC33AFEF620DD1C8C1
I[2019-07-26|12:37:49.206] Executed block                               module=state height=81 validTxs=3 invalidTxs=0
I[2019-07-26|12:37:49.211] Committed state                              module=state height=81 txs=3 appHash=98508F61352D3C2706CC8FAE9A3C92DE5D88677F297E6B63DE0C8B2BABCFD9C1
I[2019-07-26|12:37:54.221] Executed block                               module=state height=82 validTxs=3 invalidTxs=0
I[2019-07-26|12:37:54.226] Committed state                              module=state height=82 txs=3 appHash=061739328EA5458B4BF2638D9065970AF68D26FF5E3EAADE62F5DD7F848E71A0
I[2019-07-26|12:37:59.238] Executed block                               module=state height=83 validTxs=3 invalidTxs=0
I[2019-07-26|12:37:59.244] Committed state                              module=state height=83 txs=3 appHash=D1E17293C8FAB1869FD05DA21AEF50C5F18611661BF745E380230C67A3658149
E[2019-07-26|12:38:02.920] Couldn't connect to any seeds                module=p2p 
I[2019-07-26|12:38:04.253] Executed block                               module=state height=84 validTxs=3 invalidTxs=0
I[2019-07-26|12:38:04.259] Committed state                              module=state height=84 txs=3 appHash=B414ECD6D484BF6EA167934746E22546631C93FE244396D773D6AC9BEB955E8D
I[2019-07-26|12:38:09.267] Executed block                               module=state height=85 validTxs=3 invalidTxs=0
I[2019-07-26|12:38:09.273] Committed state                              module=state height=85 txs=3 appHash=9546A912AD9B4F8F663870D5119D5E0423AA1EE7F6F409372EEC793F279EF1DC
I[2019-07-26|12:38:14.284] Executed block                               module=state height=86 validTxs=3 invalidTxs=0
I[2019-07-26|12:38:14.291] Committed state                              module=state height=86 txs=3 appHash=2AC7D1FCBD363377637D4A090CE2256D0F4988735DEB97C1CBDF39AEC740AF82
I[2019-07-26|12:38:19.294] Executed block                               module=state height=87 validTxs=3 invalidTxs=0
I[2019-07-26|12:38:19.299] Committed state                              module=state height=87 txs=3 appHash=327DFE980C2EF26752819111E4666701FD8F56AA76D77EA1DBD7723CEA36345C
I[2019-07-26|12:38:24.312] Executed block                               module=state height=88 validTxs=3 invalidTxs=0
I[2019-07-26|12:38:24.318] Committed state                              module=state height=88 txs=3 appHash=9728B556A169B1FD445C0C17CA9B63A84733C0E27F21E71F79B8E0B4FF9583B0
I[2019-07-26|12:38:29.326] Executed block                               module=state height=89 validTxs=3 invalidTxs=0
I[2019-07-26|12:38:29.334] Committed state                              module=state height=89 txs=3 appHash=5E5752B964247860E783D5C8265F38AA96C0C86616645A47F95EFCD57A14ED2A
E[2019-07-26|12:38:32.920] Couldn't connect to any seeds                module=p2p 
I[2019-07-26|12:38:34.342] Executed block                               module=state height=90 validTxs=3 invalidTxs=0
I[2019-07-26|12:38:34.349] Committed state                              module=state height=90 txs=3 appHash=45FEAF2B84F3DD335E1DA4F20560C83EA937C94D65E38104E642377C81C0C47A
I[2019-07-26|12:38:39.356] Executed block                               module=state height=91 validTxs=3 invalidTxs=0
I[2019-07-26|12:38:39.363] Committed state                              module=state height=91 txs=3 appHash=70AC58722173A549DE80525E14A143B2C5755BEF18AFF69854AB9031A141EFB7
I[2019-07-26|12:38:44.372] Executed block                               module=state height=92 validTxs=3 invalidTxs=0
I[2019-07-26|12:38:44.378] Committed state                              module=state height=92 txs=3 appHash=0C0426BA26C33C4F6704B5C52B4783659E70F316090F44C161353ECD3563654F
I[2019-07-26|12:38:49.387] Executed block                               module=state height=93 validTxs=3 invalidTxs=0
I[2019-07-26|12:38:49.394] Committed state                              module=state height=93 txs=3 appHash=ED907AD4DA4DFB282D418F1E002090F1F27B495ADC91479780AAF7B446122CFB
I[2019-07-26|12:38:54.403] Executed block                               module=state height=94 validTxs=3 invalidTxs=0
I[2019-07-26|12:38:54.409] Committed state                              module=state height=94 txs=3 appHash=57FFB0AA5D3046DB421D2B89DB0328AEFA76F40301AC20ABAA39B5D5D8D61681
I[2019-07-26|12:38:59.427] Executed block                               module=state height=95 validTxs=3 invalidTxs=0
I[2019-07-26|12:38:59.433] Committed state                              module=state height=95 txs=3 appHash=911B22813C188D5079D7621420F22728DAB792A7EBCF648BA8440969D73EE362
E[2019-07-26|12:39:02.921] Couldn't connect to any seeds                module=p2p 
I[2019-07-26|12:39:04.440] Executed block                               module=state height=96 validTxs=3 invalidTxs=0
I[2019-07-26|12:39:04.446] Committed state                              module=state height=96 txs=3 appHash=F73CDBE31CF6F8312B0C248B0156FDAEDBA4D52AA948EC59B6532A529E69D34D
I[2019-07-26|12:39:09.471] Executed block                               module=state height=97 validTxs=3 invalidTxs=0
I[2019-07-26|12:39:09.476] Committed state                              module=state height=97 txs=3 appHash=E8F7C6CCF29F23D3B13611A9F5782342DCF16392A6661999C8952B50E0027486
I[2019-07-26|12:39:14.488] Executed block                               module=state height=98 validTxs=3 invalidTxs=0
I[2019-07-26|12:39:14.494] Committed state                              module=state height=98 txs=3 appHash=A2067E97DF905C34FDC200C0939576B40FB3B40937C716403E9CF61AC9735955
I[2019-07-26|12:39:19.501] Executed block                               module=state height=99 validTxs=3 invalidTxs=0
I[2019-07-26|12:39:19.506] Committed state                              module=state height=99 txs=3 appHash=D3972190D688F672806E38831200DD21B74FB053A3B6DCC1FCFE9378764F9273
I[2019-07-26|12:39:24.518] Executed block                               module=state height=100 validTxs=3 invalidTxs=0
I[2019-07-26|12:39:24.525] Committed state                              module=state height=100 txs=3 appHash=C5153DD6F247142BE0A86C8882BA3FF6518670860DF1E2BC2EE90CBFC7124DA4
I[2019-07-26|12:39:29.531] Executed block                               module=state height=101 validTxs=3 invalidTxs=0
I[2019-07-26|12:39:29.538] Committed state                              module=state height=101 txs=3 appHash=2E2640FE566514F19FB9C8CFADCB506C90AAF9548EF44AA7D3C2683C11CAEED1
E[2019-07-26|12:39:32.920] Couldn't connect to any seeds                module=p2p 
I[2019-07-26|12:39:34.548] Executed block                               module=state height=102 validTxs=3 invalidTxs=0
I[2019-07-26|12:39:34.556] Committed state                              module=state height=102 txs=3 appHash=510DD1EB08025F0E57572F83F35088F0FAD57BCE52CE21440CC826AB759F5595
I[2019-07-26|12:39:39.562] Executed block                               module=state height=103 validTxs=3 invalidTxs=0
I[2019-07-26|12:39:39.569] Committed state                              module=state height=103 txs=3 appHash=5306D864B8308F1E67A4ADAA0BCB818D00A3ED2CA13549DE9E8520B6417DF4A8
I[2019-07-26|12:39:44.575] Executed block                               module=state height=104 validTxs=3 invalidTxs=0
I[2019-07-26|12:39:44.581] Committed state                              module=state height=104 txs=3 appHash=F72249DC1A8F2712AF32C534746F872E869070C4984006CAFFC935329A4D09F6
I[2019-07-26|12:39:49.591] Executed block                               module=state height=105 validTxs=3 invalidTxs=0
I[2019-07-26|12:39:49.598] Committed state                              module=state height=105 txs=3 appHash=F5B41FAD63FF6D009EF16184FFECC43BA666D3E89FD31488DD3EA6F21AB8C029
I[2019-07-26|12:39:54.603] Executed block                               module=state height=106 validTxs=3 invalidTxs=0
I[2019-07-26|12:39:54.609] Committed state                              module=state height=106 txs=3 appHash=A1B5F54A76E69FBAD1923399499095C4CCCA2563A28046B5196E339E453F8F6D
I[2019-07-26|12:39:59.618] Executed block                               module=state height=107 validTxs=3 invalidTxs=0
I[2019-07-26|12:39:59.625] Committed state                              module=state height=107 txs=3 appHash=34466575F9E0335B2E450A41D30F14F7B8580A059B5FBB02D86751D05BF36D18
E[2019-07-26|12:40:02.920] Couldn't connect to any seeds                module=p2p 
I[2019-07-26|12:40:04.635] Executed block                               module=state height=108 validTxs=3 invalidTxs=0
I[2019-07-26|12:40:04.642] Committed state                              module=state height=108 txs=3 appHash=9A7A820E9F745835416DC8BCCE74DA339F7DF12013E2748B5716E9EFDF06579E
I[2019-07-26|12:40:09.671] Executed block                               module=state height=109 validTxs=3 invalidTxs=0
I[2019-07-26|12:40:09.679] Committed state                              module=state height=109 txs=3 appHash=385FB199AE1B17AB5D1232ED97478AAF1245760C20C94ED92BB0E30D5B63EC76
I[2019-07-26|12:40:14.686] Executed block                               module=state height=110 validTxs=3 invalidTxs=0
I[2019-07-26|12:40:14.696] Committed state                              module=state height=110 txs=3 appHash=79F09B299FF79502342E296D27A79325B527063402A9712BBFD0C2A77B9DE872
I[2019-07-26|12:40:19.698] Executed block                               module=state height=111 validTxs=3 invalidTxs=0
I[2019-07-26|12:40:19.707] Committed state                              module=state height=111 txs=3 appHash=E285A7E3516C1574633ECB29F0B77686176E8C057223939D82705E906924B995
I[2019-07-26|12:40:24.717] Executed block                               module=state height=112 validTxs=3 invalidTxs=0
I[2019-07-26|12:40:24.726] Committed state                              module=state height=112 txs=3 appHash=449384D69C60DECF9A17D7F59EE89AF545C6051204AEEFB6C4798FFBC9EF0366
I[2019-07-26|12:40:29.731] Executed block                               module=state height=113 validTxs=3 invalidTxs=0
I[2019-07-26|12:40:29.740] Committed state                              module=state height=113 txs=3 appHash=AD479841836B6B8247673A50565E20FFF03E0E1B6788A875C8717FF29FBC1AE3
E[2019-07-26|12:40:32.920] Couldn't connect to any seeds                module=p2p 
I[2019-07-26|12:40:34.748] Executed block                               module=state height=114 validTxs=3 invalidTxs=0
I[2019-07-26|12:40:34.758] Committed state                              module=state height=114 txs=3 appHash=F0D3C7CDEE7267CE813E40BF4355B684DD5517A90EC37A878A5D85C3A0D2C6CE
I[2019-07-26|12:40:39.760] Executed block                               module=state height=115 validTxs=3 invalidTxs=0
I[2019-07-26|12:40:39.767] Committed state                              module=state height=115 txs=3 appHash=85DB543F71F469C3D080F9726B54E1E130FEAAFFA5B0FB2C31DE0A411221E90A
I[2019-07-26|12:40:44.776] Executed block                               module=state height=116 validTxs=3 invalidTxs=0
I[2019-07-26|12:40:44.786] Committed state                              module=state height=116 txs=3 appHash=796EEE143B95716B5839E5B705B1BB7038EAF3BB697EA4AB1501885A11AE73F6
I[2019-07-26|12:40:49.790] Executed block                               module=state height=117 validTxs=3 invalidTxs=0
I[2019-07-26|12:40:49.799] Committed state                              module=state height=117 txs=3 appHash=893918F9D2214104158A4A45786A5CA4A85AC176A6F7F7A1D3E9D55E60CAE654
I[2019-07-26|12:40:54.805] Executed block                               module=state height=118 validTxs=3 invalidTxs=0
I[2019-07-26|12:40:54.812] Committed state                              module=state height=118 txs=3 appHash=326A9529DFF881C97780B72324D93C94ECC56E0AB7FA7AE81DA97E7BA458474E
I[2019-07-26|12:40:59.819] Executed block                               module=state height=119 validTxs=3 invalidTxs=0
I[2019-07-26|12:40:59.828] Committed state                              module=state height=119 txs=3 appHash=BCA0CD2C698FC4D63A52BBDDC29D4BC30A5811A5559B05F0E9C2174321575498
E[2019-07-26|12:41:02.921] Couldn't connect to any seeds                module=p2p 
I[2019-07-26|12:41:04.834] Executed block                               module=state height=120 validTxs=3 invalidTxs=0
I[2019-07-26|12:41:04.842] Committed state                              module=state height=120 txs=3 appHash=391CD1158340E1E6FF61830731FD3B200DB40FDF0086B7470D76B6CA7E0E2C05
I[2019-07-26|12:41:09.846] Executed block                               module=state height=121 validTxs=3 invalidTxs=0
I[2019-07-26|12:41:09.851] Committed state                              module=state height=121 txs=3 appHash=6115599D31416E73218350D8D9C772508D6680B7E3F3A1940D2E369D0934CC37
I[2019-07-26|12:41:14.863] Executed block                               module=state height=122 validTxs=3 invalidTxs=0
I[2019-07-26|12:41:14.871] Committed state                              module=state height=122 txs=3 appHash=B501F29BE8E1FC3075029D2FA22B0D350C58B9EF5ED794404D144C0DE789DCFE
I[2019-07-26|12:41:19.878] Executed block                               module=state height=123 validTxs=3 invalidTxs=0
I[2019-07-26|12:41:19.887] Committed state                              module=state height=123 txs=3 appHash=F28A5E16324BDF103F40BF512ACB00FFAB74A996EA48723DF6F9FB150B59FA84
I[2019-07-26|12:41:24.914] Executed block                               module=state height=124 validTxs=3 invalidTxs=0
I[2019-07-26|12:41:24.922] Committed state                              module=state height=124 txs=3 appHash=315EC269E2C1BB1751ACF54D24630CBF55CAA87CBB3A68322CDC9E60229B0A86
I[2019-07-26|12:41:29.929] Executed block                               module=state height=125 validTxs=3 invalidTxs=0
I[2019-07-26|12:41:29.937] Committed state                              module=state height=125 txs=3 appHash=B2CD6F5DC24379912252C95C1B3B4C72F51D51BFA7A15B003CAE44BF5641E2B4
E[2019-07-26|12:41:32.920] Couldn't connect to any seeds                module=p2p 
I[2019-07-26|12:41:34.947] Executed block                               module=state height=126 validTxs=3 invalidTxs=0
I[2019-07-26|12:41:34.957] Committed state                              module=state height=126 txs=3 appHash=86AE2BBF483E255380E5FDC50F69AE9E4F3FAF41282AA7CE8403F57F0644EEF1
I[2019-07-26|12:41:39.961] Executed block                               module=state height=127 validTxs=3 invalidTxs=0
I[2019-07-26|12:41:39.968] Committed state                              module=state height=127 txs=3 appHash=C2721B42FAA7D88544E57B2946FE8C34AEDCE313FA42813FEAC6A3C965F25993
I[2019-07-26|12:41:44.978] Executed block                               module=state height=128 validTxs=3 invalidTxs=0
I[2019-07-26|12:41:44.990] Committed state                              module=state height=128 txs=3 appHash=463EC85F5B26F2A997427A72A8A436B0DA48001A62F7C5C361A3C1C8360B9525
I[2019-07-26|12:41:49.991] Executed block                               module=state height=129 validTxs=3 invalidTxs=0
I[2019-07-26|12:41:49.999] Committed state                              module=state height=129 txs=3 appHash=43D4280DF931EBB1FA6FD6CFF3241DD69E3339735A374D3ABB13CCB858704E14
I[2019-07-26|12:41:55.002] Executed block                               module=state height=130 validTxs=3 invalidTxs=0
I[2019-07-26|12:41:55.008] Committed state                              module=state height=130 txs=3 appHash=0E67A4906311D326BD1C3560C922955DEA5097A08B0D62F7D70F9CDB87F5F64E
I[2019-07-26|12:42:00.020] Executed block                               module=state height=131 validTxs=3 invalidTxs=0
I[2019-07-26|12:42:00.031] Committed state                              module=state height=131 txs=3 appHash=83B482D1A9B55930C71D825EFF9D8CFC7903378BBFEF460638B895B9DAED84CD
E[2019-07-26|12:42:02.920] Couldn't connect to any seeds                module=p2p 
I[2019-07-26|12:42:05.034] Executed block                               module=state height=132 validTxs=3 invalidTxs=0
I[2019-07-26|12:42:05.043] Committed state                              module=state height=132 txs=3 appHash=ACA570A564966494939668406B15A7B4A0DB8E92DADD3EB1AAA9F7FC4A701E10
I[2019-07-26|12:42:10.049] Executed block                               module=state height=133 validTxs=3 invalidTxs=0
I[2019-07-26|12:42:10.056] Committed state                              module=state height=133 txs=3 appHash=498B4CEF42322777F6881C05B70CC622C0DA3A8B00638DFE3F21B8F2DDAAFC3D
I[2019-07-26|12:42:15.066] Executed block                               module=state height=134 validTxs=3 invalidTxs=0
I[2019-07-26|12:42:15.076] Committed state                              module=state height=134 txs=3 appHash=E25E90D65D0BAD22563521B475C386143890AAD50ABF5B5BA8814CBCC68BE6D4
I[2019-07-26|12:42:20.080] Executed block                               module=state height=135 validTxs=3 invalidTxs=0
I[2019-07-26|12:42:20.089] Committed state                              module=state height=135 txs=3 appHash=EB0BFC668A51486F0EEE6CB68C9B5BC882CF8FA424F2BCD857C5F9BD6793CAE6
I[2019-07-26|12:42:25.096] Executed block                               module=state height=136 validTxs=3 invalidTxs=0
I[2019-07-26|12:42:25.102] Committed state                              module=state height=136 txs=3 appHash=8062BCE11397F429042102397AC4B887968EF0AAC942B605B2754A76D737C5B2
I[2019-07-26|12:42:30.112] Executed block                               module=state height=137 validTxs=3 invalidTxs=0
I[2019-07-26|12:42:30.122] Committed state                              module=state height=137 txs=3 appHash=2AE8031199F3F9FA7B87AAA21E88C2FA9EECD294FD9C9EBDB555992071F2C63A
E[2019-07-26|12:42:32.920] Couldn't connect to any seeds                module=p2p 
I[2019-07-26|12:42:35.122] Executed block                               module=state height=138 validTxs=3 invalidTxs=0
I[2019-07-26|12:42:35.129] Committed state                              module=state height=138 txs=3 appHash=A7BB8E9D090924544A9F50E581E0C0FE1C78E20710B07645F135912610A384E8
I[2019-07-26|12:42:40.140] Executed block                               module=state height=139 validTxs=3 invalidTxs=0
I[2019-07-26|12:42:40.150] Committed state                              module=state height=139 txs=3 appHash=F91320CE26A3DD8FF6EC1141BCAAD1BDD79285B2F810FA78FF9D3E9844E80E61
I[2019-07-26|12:42:45.153] Executed block                               module=state height=140 validTxs=3 invalidTxs=0
I[2019-07-26|12:42:45.160] Committed state                              module=state height=140 txs=3 appHash=46A51D648F8F28D0A1869EB3A9D8BEFAC2BC552466C8D4030883E712CCAA575F
I[2019-07-26|12:42:50.168] Executed block                               module=state height=141 validTxs=3 invalidTxs=0
I[2019-07-26|12:42:50.175] Committed state                              module=state height=141 txs=3 appHash=FA16D73D5F36F013BBDA32E99A6BFF12088B4A73B541AA1E2E6D6F60D7C62F8F
I[2019-07-26|12:42:55.179] Executed block                               module=state height=142 validTxs=3 invalidTxs=0
I[2019-07-26|12:42:55.187] Committed state                              module=state height=142 txs=3 appHash=F96FE6EA9D53DB6469133FCA1ADF3393531CED6D1D20CA5A913B10507D60D430
I[2019-07-26|12:43:00.196] Executed block                               module=state height=143 validTxs=3 invalidTxs=0
I[2019-07-26|12:43:00.206] Committed state                              module=state height=143 txs=3 appHash=795C80CC8670A9270230DAD1B2A637A5752EAE51DBAC581D908A1DAF8AC1EDB2
E[2019-07-26|12:43:02.922] Couldn't connect to any seeds                module=p2p 
I[2019-07-26|12:43:05.206] Executed block                               module=state height=144 validTxs=3 invalidTxs=0
I[2019-07-26|12:43:05.218] Committed state                              module=state height=144 txs=3 appHash=A50464F8C058504B371B28A189443062CB72FE9DCC64D827B6AF5B6A47677780
I[2019-07-26|12:43:10.222] Executed block                               module=state height=145 validTxs=3 invalidTxs=0
I[2019-07-26|12:43:10.232] Committed state                              module=state height=145 txs=3 appHash=6ECAFCF6BD54E921F26C6A06A985E8F3AB0633D0EE8A07923A4AE105093BEE71
I[2019-07-26|12:43:15.235] Executed block                               module=state height=146 validTxs=3 invalidTxs=0
I[2019-07-26|12:43:15.244] Committed state                              module=state height=146 txs=3 appHash=A7CCD17F856D61F7254C9C5B8046B33904EA2E9A30CD9A7F726D9CF45044FA61
I[2019-07-26|12:43:20.251] Executed block                               module=state height=147 validTxs=3 invalidTxs=0
I[2019-07-26|12:43:20.261] Committed state                              module=state height=147 txs=3 appHash=6AEED342C28CED33B745904AE14F2AC509C4C6ECFC631F866EFD8F2C0735CFDB
I[2019-07-26|12:43:25.267] Executed block                               module=state height=148 validTxs=3 invalidTxs=0
I[2019-07-26|12:43:25.278] Committed state                              module=state height=148 txs=3 appHash=436CE7DABE0B4A689B03433B5C50EAA208DB91013265DF0CC03176056F09689A
I[2019-07-26|12:43:30.277] Executed block                               module=state height=149 validTxs=3 invalidTxs=0
I[2019-07-26|12:43:30.286] Committed state                              module=state height=149 txs=3 appHash=03D3C071375546AAF4614428D2CE0DE8A3EC3E61E262D665EE1A79DFD1837373
E[2019-07-26|12:43:32.920] Couldn't connect to any seeds                module=p2p 
I[2019-07-26|12:43:35.295] Executed block                               module=state height=150 validTxs=3 invalidTxs=0
I[2019-07-26|12:43:35.304] Committed state                              module=state height=150 txs=3 appHash=38DBFC4011A93A4CD3EE2AF01F0C956C3D1761C92DB45DB2A145BF0FF9E9E513
I[2019-07-26|12:43:40.305] Executed block                               module=state height=151 validTxs=3 invalidTxs=0
I[2019-07-26|12:43:40.314] Committed state                              module=state height=151 txs=3 appHash=B50FF9FE29431C181A4AD43DD926CF992110BC44F7E676CB7F535E4D09B95556
I[2019-07-26|12:43:45.317] Executed block                               module=state height=152 validTxs=3 invalidTxs=0
I[2019-07-26|12:43:45.327] Committed state                              module=state height=152 txs=3 appHash=9C60CA9C06CCBECCB0C7B39C693728E6F17840509B75B14EB3B44BB66B1DF52C
I[2019-07-26|12:43:50.332] Executed block                               module=state height=153 validTxs=3 invalidTxs=0
I[2019-07-26|12:43:50.339] Committed state                              module=state height=153 txs=3 appHash=FD63AD6A40E9D4C2F839FB4120B323C1E562065DA06FC41E1671FC5AA6A040E1
I[2019-07-26|12:43:55.342] Executed block                               module=state height=154 validTxs=3 invalidTxs=0
I[2019-07-26|12:43:55.351] Committed state                              module=state height=154 txs=3 appHash=59367CF9A7875271F6B31423EC6662C6991209FE4882977BDD0149279393EACA
I[2019-07-26|12:44:00.354] Executed block                               module=state height=155 validTxs=3 invalidTxs=0
I[2019-07-26|12:44:00.361] Committed state                              module=state height=155 txs=3 appHash=38BA4CD0C9D973837E929D5A0F267360ED83B9DAE480383E5D0DC06E195CC066
E[2019-07-26|12:44:02.920] Couldn't connect to any seeds                module=p2p 
I[2019-07-26|12:44:05.366] Executed block                               module=state height=156 validTxs=3 invalidTxs=0
I[2019-07-26|12:44:05.372] Committed state                              module=state height=156 txs=3 appHash=9EB36B2B0372D1C9CB0EBD80F6B436417AF9DF0F0AB253CDB2E33B0AE4AD91C5
I[2019-07-26|12:44:10.378] Executed block                               module=state height=157 validTxs=3 invalidTxs=0
I[2019-07-26|12:44:10.383] Committed state                              module=state height=157 txs=3 appHash=ED4F074B2BA46358F25A448D9C3BB5C3516A5D665C42944B2E37B6C430AFA312
I[2019-07-26|12:44:15.394] Executed block                               module=state height=158 validTxs=3 invalidTxs=0
I[2019-07-26|12:44:15.403] Committed state                              module=state height=158 txs=3 appHash=4C3D5092A36CB787F42C38B25A608ADAB942D34F79F2A5A7B88702F222B2D8A7
I[2019-07-26|12:44:20.406] Executed block                               module=state height=159 validTxs=3 invalidTxs=0
I[2019-07-26|12:44:20.412] Committed state                              module=state height=159 txs=3 appHash=D3F48738A12FE294C48794D3B6459C291F4B954C133776C9B96752F0070D4F57
I[2019-07-26|12:44:25.423] Executed block                               module=state height=160 validTxs=3 invalidTxs=0
I[2019-07-26|12:44:25.432] Committed state                              module=state height=160 txs=3 appHash=2F77C6016B2792FC1119FF274629DCFD8E093DEA8BCDA1D76807994F35B19001
I[2019-07-26|12:44:30.438] Executed block                               module=state height=161 validTxs=3 invalidTxs=0
I[2019-07-26|12:44:30.450] Committed state                              module=state height=161 txs=3 appHash=6B4B06A1FD612E12B7C0BB474F918A238E76A8BEFFD85A707A662FE640BFFD13
E[2019-07-26|12:44:32.920] Couldn't connect to any seeds                module=p2p 
I[2019-07-26|12:44:35.455] Executed block                               module=state height=162 validTxs=3 invalidTxs=0
I[2019-07-26|12:44:35.464] Committed state                              module=state height=162 txs=3 appHash=61B0D0E2C3E9F49FBB346D24E7028679DFE09C03F11DF75193318018CDD72330
I[2019-07-26|12:44:40.470] Executed block                               module=state height=163 validTxs=3 invalidTxs=0
I[2019-07-26|12:44:40.479] Committed state                              module=state height=163 txs=3 appHash=A66A42916DB7B2E29A31CCBFB78737EAAB4DFE5C13C7D1A869AC69C9B1862210
I[2019-07-26|12:44:45.484] Executed block                               module=state height=164 validTxs=3 invalidTxs=0
I[2019-07-26|12:44:45.493] Committed state                              module=state height=164 txs=3 appHash=89B451FF4601F33D49F2EF407218647D266844A8A7A95DA404B08C3DF532C3CF
I[2019-07-26|12:44:50.500] Executed block                               module=state height=165 validTxs=3 invalidTxs=0
I[2019-07-26|12:44:50.511] Committed state                              module=state height=165 txs=3 appHash=672B315498BE41BD1921668499117DCB416C4BC94EB8523F257D1987D2130645
I[2019-07-26|12:44:55.513] Executed block                               module=state height=166 validTxs=3 invalidTxs=0
I[2019-07-26|12:44:55.520] Committed state                              module=state height=166 txs=3 appHash=6833BC8ECE37ECCD843E11D1BD2CA04DCEC0DA63E97AA2E2CBB34C95209032D9
I[2019-07-26|12:45:00.529] Executed block                               module=state height=167 validTxs=3 invalidTxs=0
I[2019-07-26|12:45:00.538] Committed state                              module=state height=167 txs=3 appHash=AA9E819F22E75AF76606802F13FBDCF5B1449D6B57B4B7F7B86A75A1BF6F7599
E[2019-07-26|12:45:02.921] Couldn't connect to any seeds                module=p2p 
I[2019-07-26|12:45:05.544] Executed block                               module=state height=168 validTxs=3 invalidTxs=0
I[2019-07-26|12:45:05.556] Committed state                              module=state height=168 txs=3 appHash=EE3C2AA957AE99172D07CFFAC79C1265B191FF74E578B710AFCEC4F2C5BAD3E8
I[2019-07-26|12:45:10.562] Executed block                               module=state height=169 validTxs=3 invalidTxs=0
I[2019-07-26|12:45:10.572] Committed state                              module=state height=169 txs=3 appHash=C7BBDC8E5F2E543BA70458A36CC2EA3D4066F5DEAA72BE8F69E7E042DE06F0E0
I[2019-07-26|12:45:15.578] Executed block                               module=state height=170 validTxs=3 invalidTxs=0
I[2019-07-26|12:45:15.589] Committed state                              module=state height=170 txs=3 appHash=6330CF61547959CB57F8473BDEEB11EA0410F717C2C34081B40FC9D11B492B70
I[2019-07-26|12:45:20.586] Executed block                               module=state height=171 validTxs=3 invalidTxs=0
I[2019-07-26|12:45:20.592] Committed state                              module=state height=171 txs=3 appHash=07E929C79058718F28ED39C94E26C780C527057F4ED0B0A21305243AE2D15322
I[2019-07-26|12:45:25.603] Executed block                               module=state height=172 validTxs=3 invalidTxs=0
I[2019-07-26|12:45:25.611] Committed state                              module=state height=172 txs=3 appHash=4CA60C5B195B67D8E962C09D07B95AF821CD1736867FDE8A275CA9BCB9D0FBFB
I[2019-07-26|12:45:30.619] Executed block                               module=state height=173 validTxs=3 invalidTxs=0
I[2019-07-26|12:45:30.632] Committed state                              module=state height=173 txs=3 appHash=405B3B976413E8A5BFAC584966054D933366C3A7CA86D6A9738DBB7DAED9A475
E[2019-07-26|12:45:32.920] Couldn't connect to any seeds                module=p2p 
I[2019-07-26|12:45:35.635] Executed block                               module=state height=174 validTxs=3 invalidTxs=0
I[2019-07-26|12:45:35.646] Committed state                              module=state height=174 txs=3 appHash=C291D9AC950464E3BC37A064F5F5A4F1C127CDDFA15A284130395BEA5B6818D2
I[2019-07-26|12:45:40.650] Executed block                               module=state height=175 validTxs=3 invalidTxs=0
I[2019-07-26|12:45:40.660] Committed state                              module=state height=175 txs=3 appHash=7A05905FDDE235D8F05C66B90630E01448F5AD50F54821C2EE8D41E96050FB0C
I[2019-07-26|12:45:45.663] Executed block                               module=state height=176 validTxs=3 invalidTxs=0
I[2019-07-26|12:45:45.672] Committed state                              module=state height=176 txs=3 appHash=E23035152B98A88454D25FC98E26257B425679729BE5B1A3345DD40BB502BA56
I[2019-07-26|12:45:50.679] Executed block                               module=state height=177 validTxs=3 invalidTxs=0
I[2019-07-26|12:45:50.688] Committed state                              module=state height=177 txs=3 appHash=E10AE7B3DB7E1AA74C54C2A2AAC9005DFADE70FD0D1B3017CEEB348A1C37B212
I[2019-07-26|12:45:55.694] Executed block                               module=state height=178 validTxs=3 invalidTxs=0
I[2019-07-26|12:45:55.705] Committed state                              module=state height=178 txs=3 appHash=C938638DD2824A62E869E0F336E3C0166A5B0830D3CA8DCE6B43D616C500BB3F
I[2019-07-26|12:46:00.706] Executed block                               module=state height=179 validTxs=3 invalidTxs=0
I[2019-07-26|12:46:00.714] Committed state                              module=state height=179 txs=3 appHash=4020BC3A01A57BD4E65D98B0911AABF6090242873D8653173FCBD2E63F465429
E[2019-07-26|12:46:02.920] Couldn't connect to any seeds                module=p2p 
I[2019-07-26|12:46:05.721] Executed block                               module=state height=180 validTxs=3 invalidTxs=0
I[2019-07-26|12:46:05.731] Committed state                              module=state height=180 txs=3 appHash=ABA374B9C4F7D6B2018669C5F2C3D9A52ADBDA52A688EB157370A7F9619E3AC3
I[2019-07-26|12:46:10.738] Executed block                               module=state height=181 validTxs=3 invalidTxs=0
I[2019-07-26|12:46:10.750] Committed state                              module=state height=181 txs=3 appHash=89F7CFB3C95E522AFFFF7DDCEADFFF51E28CF3BB87D86B52814B1F4EAA08DB95
I[2019-07-26|12:46:15.753] Executed block                               module=state height=182 validTxs=3 invalidTxs=0
I[2019-07-26|12:46:15.764] Committed state                              module=state height=182 txs=3 appHash=23250EB5E5E60EE12FCE14777DC8ADFFF7E766FE9972900007BAAF2E776F9337
I[2019-07-26|12:46:20.768] Executed block                               module=state height=183 validTxs=3 invalidTxs=0
I[2019-07-26|12:46:20.779] Committed state                              module=state height=183 txs=3 appHash=51172EE4EE4CA2817B347770CEA7664DAF4910F594BA2CF1D06E42B89FAC0F20
I[2019-07-26|12:46:25.782] Executed block                               module=state height=184 validTxs=3 invalidTxs=0
I[2019-07-26|12:46:25.792] Committed state                              module=state height=184 txs=3 appHash=0C702C00209D9B7D9E6D584F01D12352A8016AEE99D85CDB3A8B7B3D5C872DB2
I[2019-07-26|12:46:30.799] Executed block                               module=state height=185 validTxs=3 invalidTxs=0
I[2019-07-26|12:46:30.812] Committed state                              module=state height=185 txs=3 appHash=7D6EAE665BB53BFFB5F692756CC07DCDCF23D92153CAD62CE4B5E365A99827F4
E[2019-07-26|12:46:32.920] Couldn't connect to any seeds                module=p2p 
I[2019-07-26|12:46:35.815] Executed block                               module=state height=186 validTxs=3 invalidTxs=0
I[2019-07-26|12:46:35.826] Committed state                              module=state height=186 txs=3 appHash=2DECBAAF28556A69FD225BDDFAD102EC7E42C4EEEB2885BEF0D91C7743F6D0AA
I[2019-07-26|12:46:40.832] Executed block                               module=state height=187 validTxs=3 invalidTxs=0
I[2019-07-26|12:46:40.844] Committed state                              module=state height=187 txs=3 appHash=03F09CAC02B09E809F9027222C034DBCDE900F5CFC1FBEC8762039B75FB30F39
I[2019-07-26|12:46:45.847] Executed block                               module=state height=188 validTxs=3 invalidTxs=0
I[2019-07-26|12:46:45.854] Committed state                              module=state height=188 txs=3 appHash=A46FA0F32B2CABF5BD7099A0E4A074019180A58816A3F10C00292135C8B594F2
I[2019-07-26|12:46:50.863] Executed block                               module=state height=189 validTxs=3 invalidTxs=0
I[2019-07-26|12:46:50.875] Committed state                              module=state height=189 txs=3 appHash=DFE4BA10568DF935291719C0A91042A8135E32C476AFF7C14413630BEA973649
I[2019-07-26|12:46:55.880] Executed block                               module=state height=190 validTxs=3 invalidTxs=0
I[2019-07-26|12:46:55.894] Committed state                              module=state height=190 txs=3 appHash=9DB8D9981E724DD83A200D22AAB3BF1130C7DC301621B36CED5F7ED17BCC0055
I[2019-07-26|12:47:00.895] Executed block                               module=state height=191 validTxs=3 invalidTxs=0
I[2019-07-26|12:47:00.908] Committed state                              module=state height=191 txs=3 appHash=63CB4DA8860288295F620E733743AEE072CDE13DA16D56A3EF9BA61676A61D31
E[2019-07-26|12:47:02.923] Couldn't connect to any seeds                module=p2p 
I[2019-07-26|12:47:05.912] Executed block                               module=state height=192 validTxs=3 invalidTxs=0
I[2019-07-26|12:47:05.920] Committed state                              module=state height=192 txs=3 appHash=BB1A28E3908146B98C1ACADCD14012A396F759A14B66337B3D1FA98225A0384D
I[2019-07-26|12:47:10.926] Executed block                               module=state height=193 validTxs=3 invalidTxs=0
I[2019-07-26|12:47:10.937] Committed state                              module=state height=193 txs=3 appHash=0C30ADD6497C9AC16360F8E632CC19EC5F7DD49C2ADBC6ECA3D289C264116740
I[2019-07-26|12:47:15.940] Executed block                               module=state height=194 validTxs=3 invalidTxs=0
I[2019-07-26|12:47:15.952] Committed state                              module=state height=194 txs=3 appHash=8FB288C52C6220098D309A810A26ADBA685B0AA885998191153E3EB666A57F1B
I[2019-07-26|12:47:20.950] Executed block                               module=state height=195 validTxs=3 invalidTxs=0
I[2019-07-26|12:47:20.959] Committed state                              module=state height=195 txs=3 appHash=42454D1785C69F6D5AB23BDDC7C57F7BFC055A7F8362C4A99CB4B1275F1C4F97
I[2019-07-26|12:47:25.969] Executed block                               module=state height=196 validTxs=3 invalidTxs=0
I[2019-07-26|12:47:25.982] Committed state                              module=state height=196 txs=3 appHash=2822C871B2F1B84296D6D80F9884177BEF689F2EB068E88A4E98FD3085A9FA0D
I[2019-07-26|12:47:30.985] Executed block                               module=state height=197 validTxs=3 invalidTxs=0
I[2019-07-26|12:47:30.998] Committed state                              module=state height=197 txs=3 appHash=97FE8D48D4380236292DAD697595605F17A1175B5522CCEE193C8E13C9E22C42
E[2019-07-26|12:47:32.920] Couldn't connect to any seeds                module=p2p 
I[2019-07-26|12:47:35.998] Executed block                               module=state height=198 validTxs=3 invalidTxs=0
I[2019-07-26|12:47:36.010] Committed state                              module=state height=198 txs=3 appHash=ACA41ED242A87796165834A809931A03CC90052F7F34AE148670C74AE752FAA2
I[2019-07-26|12:47:41.016] Executed block                               module=state height=199 validTxs=3 invalidTxs=0
I[2019-07-26|12:47:41.029] Committed state                              module=state height=199 txs=3 appHash=D92F807976F9C25041A20E23356A8715FCB53862F5C42B8EDF915FAA797161DC
I[2019-07-26|12:47:46.031] Executed block                               module=state height=200 validTxs=3 invalidTxs=0
I[2019-07-26|12:47:46.043] Committed state                              module=state height=200 txs=3 appHash=B54A925D63ECF33080646DD96B45C69A1071DF9F074D2DF6EE664F8F69BD2EAA
I[2019-07-26|12:47:51.046] Executed block                               module=state height=201 validTxs=3 invalidTxs=0
I[2019-07-26|12:47:51.058] Committed state                              module=state height=201 txs=3 appHash=9800E2D3522DE20DB4EAE82107963B593554372F9C762A71CB1EA6675F86EE29
I[2019-07-26|12:47:56.061] Executed block                               module=state height=202 validTxs=3 invalidTxs=0
I[2019-07-26|12:47:56.071] Committed state                              module=state height=202 txs=3 appHash=1D602B8BB7004506F6271A73D2E6E0DA94B8B55767DF955ADD39F3BBCD389EB2
I[2019-07-26|12:48:01.076] Executed block                               module=state height=203 validTxs=3 invalidTxs=0
I[2019-07-26|12:48:01.088] Committed state                              module=state height=203 txs=3 appHash=7CBECEA99734B5B241F3A335657813118C5FCE17A8C4B2E61C9331AD06EC229D
E[2019-07-26|12:48:02.920] Couldn't connect to any seeds                module=p2p 
I[2019-07-26|12:48:06.092] Executed block                               module=state height=204 validTxs=3 invalidTxs=0
I[2019-07-26|12:48:06.107] Committed state                              module=state height=204 txs=3 appHash=729F653C7BCB84365C10E532DC936D347C5466D5F82FF5E3FE715AF8357B3503
I[2019-07-26|12:48:11.106] Executed block                               module=state height=205 validTxs=3 invalidTxs=0
I[2019-07-26|12:48:11.119] Committed state                              module=state height=205 txs=3 appHash=733A562DFB23F0606BF4FE1FF54FDB6B3BB16BD590A0A51D434796F8D37C5E2A
I[2019-07-26|12:48:16.121] Executed block                               module=state height=206 validTxs=3 invalidTxs=0
I[2019-07-26|12:48:16.135] Committed state                              module=state height=206 txs=3 appHash=F31ED69DC16D31F08979FBE8C9ABF00D46D295B409B9336B73E59E5D31DF137D
I[2019-07-26|12:48:21.134] Executed block                               module=state height=207 validTxs=3 invalidTxs=0
I[2019-07-26|12:48:21.143] Committed state                              module=state height=207 txs=3 appHash=333CB81241E7BFFB748E7415E0E80DCE40250E178111BFB1C889298AA0B207F6
I[2019-07-26|12:48:26.246] Executed block                               module=state height=208 validTxs=3 invalidTxs=0
I[2019-07-26|12:48:26.260] Committed state                              module=state height=208 txs=3 appHash=6237BF442A6C75F1CF26EFBCE8F8CDF5D7766A9EB5648E35959C35BFC6E0D946
I[2019-07-26|12:48:31.259] Executed block                               module=state height=209 validTxs=3 invalidTxs=0
I[2019-07-26|12:48:31.271] Committed state                              module=state height=209 txs=3 appHash=422B163AE8B6E0DDB13227DB78A8CFFF93F7B955B843F48CA886AEC9CB5A0C2C
E[2019-07-26|12:48:32.920] Couldn't connect to any seeds                module=p2p 
I[2019-07-26|12:48:36.275] Executed block                               module=state height=210 validTxs=3 invalidTxs=0
I[2019-07-26|12:48:36.289] Committed state                              module=state height=210 txs=3 appHash=EE7C985B09199F979370D8C825611941ED29D05535281089E0D8A3F335EC7365
I[2019-07-26|12:48:41.291] Executed block                               module=state height=211 validTxs=3 invalidTxs=0
I[2019-07-26|12:48:41.303] Committed state                              module=state height=211 txs=3 appHash=CF170413039F5076C58BF9CC09877118F7C64A6DF0CBD07E27C2D582C8D5F18F
I[2019-07-26|12:48:46.303] Executed block                               module=state height=212 validTxs=3 invalidTxs=0
I[2019-07-26|12:48:46.312] Committed state                              module=state height=212 txs=3 appHash=D399DB14F20033A2FC20898CFE6D1F4682F0FA63C64A8A5637B41C0EA0377AEA
I[2019-07-26|12:48:51.322] Executed block                               module=state height=213 validTxs=3 invalidTxs=0
I[2019-07-26|12:48:51.336] Committed state                              module=state height=213 txs=3 appHash=9A05C4F922AE20211B727ED72A7C567DDC8CF6A4C204284B39CF5B182589E66B
I[2019-07-26|12:48:56.338] Executed block                               module=state height=214 validTxs=3 invalidTxs=0
I[2019-07-26|12:48:56.355] Committed state                              module=state height=214 txs=3 appHash=0BCA9A9B42A5C0B7DA2B2F1177291AE2706E326F5B8DD50E9F250E3FB9353744
I[2019-07-26|12:49:01.352] Executed block                               module=state height=215 validTxs=3 invalidTxs=0
I[2019-07-26|12:49:01.367] Committed state                              module=state height=215 txs=3 appHash=E46BB0257F0F7FDA802A588D7AC53D562A10D59A806E138236EB5E2B6D2174B8
E[2019-07-26|12:49:02.922] Couldn't connect to any seeds                module=p2p 
I[2019-07-26|12:49:06.367] Executed block                               module=state height=216 validTxs=3 invalidTxs=0
I[2019-07-26|12:49:06.379] Committed state                              module=state height=216 txs=3 appHash=1559D8475E36DD7915734D58AF74496D427E2DE6569308C7878283CFE10F00A2
I[2019-07-26|12:49:11.382] Executed block                               module=state height=217 validTxs=3 invalidTxs=0
I[2019-07-26|12:49:11.395] Committed state                              module=state height=217 txs=3 appHash=CA73C05D9B6F68C867B96C5817002DC0E13649A1CB9A78CAF39C24D01F124F7A
I[2019-07-26|12:49:16.397] Executed block                               module=state height=218 validTxs=3 invalidTxs=0
I[2019-07-26|12:49:16.409] Committed state                              module=state height=218 txs=3 appHash=298E9347DAEB6F564A49CE3784499026CEDD491C1417C27F9E5AADA47DE4ECED
I[2019-07-26|12:49:21.411] Executed block                               module=state height=219 validTxs=3 invalidTxs=0
I[2019-07-26|12:49:21.421] Committed state                              module=state height=219 txs=3 appHash=F4C444151327CE470E257555FB24A7D97003746FB81FDACABD74179A12ED3EF2
I[2019-07-26|12:49:26.426] Executed block                               module=state height=220 validTxs=3 invalidTxs=0
I[2019-07-26|12:49:26.440] Committed state                              module=state height=220 txs=3 appHash=D3E89D87CE6B34F4699B0C31AEEF6A334F785A8541A49564472A3D7FC84DC3FE
I[2019-07-26|12:49:31.441] Executed block                               module=state height=221 validTxs=3 invalidTxs=0
I[2019-07-26|12:49:31.453] Committed state                              module=state height=221 txs=3 appHash=0EABD27CAA1C3149ED31434347C02FFDC0A534CAD21AA7CC71892BA5E1B1CBA9
E[2019-07-26|12:49:32.920] Couldn't connect to any seeds                module=p2p 
I[2019-07-26|12:49:36.457] Executed block                               module=state height=222 validTxs=3 invalidTxs=0
I[2019-07-26|12:49:36.471] Committed state                              module=state height=222 txs=3 appHash=4EA3F7A01C85ABD498C965BBD54414CC1389BDD764CD20FB1B64E79B4228D06A
I[2019-07-26|12:49:41.473] Executed block                               module=state height=223 validTxs=3 invalidTxs=0
I[2019-07-26|12:49:41.488] Committed state                              module=state height=223 txs=3 appHash=CF68F4A52CBEF76DC42364DED277B7A1429D4E09CB20FFC36922927E10BBF699
I[2019-07-26|12:49:46.487] Executed block                               module=state height=224 validTxs=3 invalidTxs=0
I[2019-07-26|12:49:46.498] Committed state                              module=state height=224 txs=3 appHash=28B83F5C58A9479F126CA4182ABF0B5DCBC5256053DA3AFEE5E5666A8E162FEC
I[2019-07-26|12:49:51.504] Executed block                               module=state height=225 validTxs=3 invalidTxs=0
I[2019-07-26|12:49:51.519] Committed state                              module=state height=225 txs=3 appHash=B36E2745D606846C24C4474C1E3D460A39BA645BAB7538F9FE1B036323CA1F5E
I[2019-07-26|12:49:56.518] Executed block                               module=state height=226 validTxs=3 invalidTxs=0
I[2019-07-26|12:49:56.534] Committed state                              module=state height=226 txs=3 appHash=804841825B116F8F40F39EB22E854BFBFBDEBCBE7B01DE8057F2F7353F74E29F
I[2019-07-26|12:50:01.532] Executed block                               module=state height=227 validTxs=3 invalidTxs=0
I[2019-07-26|12:50:01.546] Committed state                              module=state height=227 txs=3 appHash=F862A4BEC3F3DA8F904F8BDD8250F804CD69DCCAF7EE336EAFC71588CEE19307
E[2019-07-26|12:50:02.920] Couldn't connect to any seeds                module=p2p 
I[2019-07-26|12:50:06.544] Executed block                               module=state height=228 validTxs=3 invalidTxs=0
I[2019-07-26|12:50:06.561] Committed state                              module=state height=228 txs=3 appHash=A5D11F10BC033A19B99F9A77EE2712DF17504E1AE93BBE9D0200F20ABD068E1A
I[2019-07-26|12:50:11.562] Executed block                               module=state height=229 validTxs=3 invalidTxs=0
I[2019-07-26|12:50:11.576] Committed state                              module=state height=229 txs=3 appHash=7AB01D145B468E16B88ADE6997FF38E9D34197DBE7BD6506185A5F86B3755479
I[2019-07-26|12:50:16.576] Executed block                               module=state height=230 validTxs=3 invalidTxs=0
I[2019-07-26|12:50:16.588] Committed state                              module=state height=230 txs=3 appHash=5690BECEF208E7CB82D1B252DF2C6CB65C56BC5146D4C9E26F021131F90E5CA8
I[2019-07-26|12:50:21.593] Executed block                               module=state height=231 validTxs=3 invalidTxs=0
I[2019-07-26|12:50:21.607] Committed state                              module=state height=231 txs=3 appHash=6073D6978653CC213A2D1236F18CD1B581F4B7D6ACC30CEE92C32C4D817F985F
I[2019-07-26|12:50:26.608] Executed block                               module=state height=232 validTxs=3 invalidTxs=0
I[2019-07-26|12:50:26.623] Committed state                              module=state height=232 txs=3 appHash=E58463747FC9E783A602996918AE9625E0AB74A92209752393C5520ADE148CC4
I[2019-07-26|12:50:31.623] Executed block                               module=state height=233 validTxs=3 invalidTxs=0
I[2019-07-26|12:50:31.637] Committed state                              module=state height=233 txs=3 appHash=A36A060060E36B387704182F94AAE21481E9F9F178124536BB064F1F5EA77A07
E[2019-07-26|12:50:32.920] Couldn't connect to any seeds                module=p2p 
I[2019-07-26|12:50:36.637] Executed block                               module=state height=234 validTxs=3 invalidTxs=0
I[2019-07-26|12:50:36.651] Committed state                              module=state height=234 txs=3 appHash=D4A16B628DC36920D00E53B58AD440A7D2E15D0576DE2A56625C6DFD27C01C32
I[2019-07-26|12:50:41.653] Executed block                               module=state height=235 validTxs=3 invalidTxs=0
I[2019-07-26|12:50:41.668] Committed state                              module=state height=235 txs=3 appHash=39BB920E6EF7947DF32DA4562468D133B33887B1BF2691A5667C364CD7BEC529
I[2019-07-26|12:50:46.664] Executed block                               module=state height=236 validTxs=3 invalidTxs=0
I[2019-07-26|12:50:46.678] Committed state                              module=state height=236 txs=3 appHash=722F566353347C986973C965180F009F7032F9020249D950587892AA116F40C2
I[2019-07-26|12:50:51.729] Executed block                               module=state height=237 validTxs=3 invalidTxs=0
I[2019-07-26|12:50:51.739] Committed state                              module=state height=237 txs=3 appHash=AF50D6E870D1E9C8D1A54244470CA24E2D3EC5386BAFC5099988AE13C091A315
I[2019-07-26|12:50:56.744] Executed block                               module=state height=238 validTxs=3 invalidTxs=0
I[2019-07-26|12:50:56.756] Committed state                              module=state height=238 txs=3 appHash=7FC09898D7CC8F44797A3671E93BB14626D5E31955E9EFC95F329632827B9BEE
I[2019-07-26|12:51:01.757] Executed block                               module=state height=239 validTxs=3 invalidTxs=0
I[2019-07-26|12:51:01.775] Committed state                              module=state height=239 txs=3 appHash=043D4528FC461565DEB3858977C24770FA89422EF7FAF140F895FADCC844B511
E[2019-07-26|12:51:02.922] Couldn't connect to any seeds                module=p2p 
I[2019-07-26|12:51:06.775] Executed block                               module=state height=240 validTxs=3 invalidTxs=0
I[2019-07-26|12:51:06.791] Committed state                              module=state height=240 txs=3 appHash=6E6ACF4D412FFFAAD33FFD5D1398AB07D3DBD1AFEFC32352F88BF55BB8A28E6F
I[2019-07-26|12:51:11.792] Executed block                               module=state height=241 validTxs=3 invalidTxs=0
I[2019-07-26|12:51:11.807] Committed state                              module=state height=241 txs=3 appHash=362ABC48AA56DE48005205A85C7A52E919817E9EDE5856A8B8D03D80C1CCA2FE
I[2019-07-26|12:51:16.808] Executed block                               module=state height=242 validTxs=3 invalidTxs=0
I[2019-07-26|12:51:16.824] Committed state                              module=state height=242 txs=3 appHash=E4FD71DFFFA523D8063617E0E4D305213EA4E8ED104CAB81DE9DC1C508D8D6ED
I[2019-07-26|12:51:21.824] Executed block                               module=state height=243 validTxs=3 invalidTxs=0
I[2019-07-26|12:51:21.839] Committed state                              module=state height=243 txs=3 appHash=C2018B8CF0502F47DD30043EDE4AF2DCE154357864D1E6FD54286B9532F1843E
I[2019-07-26|12:51:26.842] Executed block                               module=state height=244 validTxs=3 invalidTxs=0
I[2019-07-26|12:51:26.856] Committed state                              module=state height=244 txs=3 appHash=DF9C004D66642B3DA6DB8C6D1055BFB9BCF317AAB4EB44161E984309DE85AE12
I[2019-07-26|12:51:31.854] Executed block                               module=state height=245 validTxs=3 invalidTxs=0
I[2019-07-26|12:51:31.868] Committed state                              module=state height=245 txs=3 appHash=497842590B8CEE593D941769B06A41A92A889314F7488EF7A157375240640D72
E[2019-07-26|12:51:32.920] Couldn't connect to any seeds                module=p2p 
I[2019-07-26|12:51:36.872] Executed block                               module=state height=246 validTxs=3 invalidTxs=0
I[2019-07-26|12:51:36.889] Committed state                              module=state height=246 txs=3 appHash=065D45FF2ECC15E1F9229F57310D800589B04ACEE39DA53AA479A14606D298D3
I[2019-07-26|12:51:41.885] Executed block                               module=state height=247 validTxs=3 invalidTxs=0
I[2019-07-26|12:51:41.900] Committed state                              module=state height=247 txs=3 appHash=FFEDA96EC427502BB255DB9D45E74B16D34DBD791CAB230422D03589A1AAF1A1
I[2019-07-26|12:51:46.901] Executed block                               module=state height=248 validTxs=3 invalidTxs=0
I[2019-07-26|12:51:46.916] Committed state                              module=state height=248 txs=3 appHash=3591A2CA6A672C32A3CB02925EC699809921AE1F5932E7FBF43531988D26313F
I[2019-07-26|12:51:51.915] Executed block                               module=state height=249 validTxs=3 invalidTxs=0
I[2019-07-26|12:51:51.929] Committed state                              module=state height=249 txs=3 appHash=D41CF3D6BB06086B1CCA53A961B96D4B59E206DE374D8FEF3B34C6F32515C47F
I[2019-07-26|12:51:56.932] Executed block                               module=state height=250 validTxs=3 invalidTxs=0
I[2019-07-26|12:51:56.948] Committed state                              module=state height=250 txs=3 appHash=3D1ADA5C46E4B8E38136EC64A9F12A08720BE587C67F126A8C654ED1CCD9699F
I[2019-07-26|12:52:01.944] Executed block                               module=state height=251 validTxs=3 invalidTxs=0
I[2019-07-26|12:52:01.958] Committed state                              module=state height=251 txs=3 appHash=A81C3647C567E958114DA273542ADE4E4CE5012BF22D4FA3FD295721AB4B10F4
E[2019-07-26|12:52:02.920] Couldn't connect to any seeds                module=p2p 
I[2019-07-26|12:52:06.961] Executed block                               module=state height=252 validTxs=3 invalidTxs=0
I[2019-07-26|12:52:06.977] Committed state                              module=state height=252 txs=3 appHash=DDF0D07CE887743A59EF1387B2BD2501DCB61FB8D9EB3DC7BD63C8DFD471041B
I[2019-07-26|12:52:11.976] Executed block                               module=state height=253 validTxs=3 invalidTxs=0
I[2019-07-26|12:52:11.989] Committed state                              module=state height=253 txs=3 appHash=5F7E2C192002C35382D46EA90E99BFC03573EB5E575DED4D060E254DAC443297
I[2019-07-26|12:52:16.993] Executed block                               module=state height=254 validTxs=3 invalidTxs=0
I[2019-07-26|12:52:17.009] Committed state                              module=state height=254 txs=3 appHash=04A7C5C8F9EDB535D9F126FE1E9F11C0DD149FABD37EC570A747F964BDC6FA10
I[2019-07-26|12:52:22.004] Executed block                               module=state height=255 validTxs=3 invalidTxs=0
I[2019-07-26|12:52:22.017] Committed state                              module=state height=255 txs=3 appHash=4F815C44DAF4A01913600FD3AD9D1F9CC42ACE16F1837EA2716F3D00282FAEF4
I[2019-07-26|12:52:27.023] Executed block                               module=state height=256 validTxs=3 invalidTxs=0
I[2019-07-26|12:52:27.039] Committed state                              module=state height=256 txs=3 appHash=EBFB40A6EC0FFDD00B144EC38762DE43F53DDBB2B856742F02E2F505E64B1DE7
I[2019-07-26|12:52:32.035] Executed block                               module=state height=257 validTxs=3 invalidTxs=0
I[2019-07-26|12:52:32.047] Committed state                              module=state height=257 txs=3 appHash=43077B5B651EDACE8CD6DB1D8075D9DE1E35B5CDA7C696981891B04B313B4299
E[2019-07-26|12:52:32.920] Couldn't connect to any seeds                module=p2p 
I[2019-07-26|12:52:37.050] Executed block                               module=state height=258 validTxs=3 invalidTxs=0
I[2019-07-26|12:52:37.064] Committed state                              module=state height=258 txs=3 appHash=0CF4B16B2F3DF58C393A23282BBA67E3B2EEAEA01CFA2C89F859B84515E51F67
I[2019-07-26|12:52:42.068] Executed block                               module=state height=259 validTxs=3 invalidTxs=0
I[2019-07-26|12:52:42.089] Committed state                              module=state height=259 txs=3 appHash=448DF14A858D65C2676AD26D20D3E30B8D77B5960FC4B3BF56C32D73E69A0AB5
I[2019-07-26|12:52:47.082] Executed block                               module=state height=260 validTxs=3 invalidTxs=0
I[2019-07-26|12:52:47.098] Committed state                              module=state height=260 txs=3 appHash=EE6B4DBDE433B9BCA2B1747BD6C2252D02BE54165E3D1B7AF1C7EED2B8F6F0A9
I[2019-07-26|12:52:52.095] Executed block                               module=state height=261 validTxs=3 invalidTxs=0
I[2019-07-26|12:52:52.107] Committed state                              module=state height=261 txs=3 appHash=F9C439EC328CC9C63DB225F0AA8FED9AC67FA77684BCE88E38C83BEFCD4E0748
I[2019-07-26|12:52:57.111] Executed block                               module=state height=262 validTxs=3 invalidTxs=0
I[2019-07-26|12:52:57.125] Committed state                              module=state height=262 txs=3 appHash=9A139DB4FE1EE2356A887C9948137E7EF91A64041D61A6A1CAA084081651C7DE
I[2019-07-26|12:53:02.126] Executed block                               module=state height=263 validTxs=3 invalidTxs=0
I[2019-07-26|12:53:02.141] Committed state                              module=state height=263 txs=3 appHash=434C58AC45403F40AA4EEB18C141341E2A49BB424AF6E0FF85E046E2D0291C10
E[2019-07-26|12:53:02.921] Couldn't connect to any seeds                module=p2p 
I[2019-07-26|12:53:07.144] Executed block                               module=state height=264 validTxs=3 invalidTxs=0
I[2019-07-26|12:53:07.165] Committed state                              module=state height=264 txs=3 appHash=AB4D5855266A44D6A7A66786F931F58A5A82779A8975B2E140161236BD3CC7D9
I[2019-07-26|12:53:12.159] Executed block                               module=state height=265 validTxs=3 invalidTxs=0
I[2019-07-26|12:53:12.176] Committed state                              module=state height=265 txs=3 appHash=494E28BE210F76B7AC37F17B21A75A9F0670E90BC14051B81F282FBCFADFBF68
I[2019-07-26|12:53:17.172] Executed block                               module=state height=266 validTxs=3 invalidTxs=0
I[2019-07-26|12:53:17.184] Committed state                              module=state height=266 txs=3 appHash=A57992ACB4D40188A55A03ACD40A039423F62CAFE9083BDFCCA7B6C306C54B98
I[2019-07-26|12:53:22.187] Executed block                               module=state height=267 validTxs=3 invalidTxs=0
I[2019-07-26|12:53:22.201] Committed state                              module=state height=267 txs=3 appHash=6451155E0AD0882868B60266203C49596BDC950325B229356622A38F0A3A6E4B
I[2019-07-26|12:53:27.204] Executed block                               module=state height=268 validTxs=3 invalidTxs=0
I[2019-07-26|12:53:27.221] Committed state                              module=state height=268 txs=3 appHash=0ED2B8C738AD254E46F20EDCF78AA49585ED573FAE7BF13C0B433CEEB2B72041
I[2019-07-26|12:53:32.220] Executed block                               module=state height=269 validTxs=3 invalidTxs=0
I[2019-07-26|12:53:32.239] Committed state                              module=state height=269 txs=3 appHash=8A30F4C3327835546E4851009CF6CE05BD680E72C6F77FC7424C9D1F9A079635
E[2019-07-26|12:53:32.920] Couldn't connect to any seeds                module=p2p 
I[2019-07-26|12:53:37.233] Executed block                               module=state height=270 validTxs=3 invalidTxs=0
I[2019-07-26|12:53:37.248] Committed state                              module=state height=270 txs=3 appHash=725E9D4164631F71D7DD39D7580F233982B085DE5098B62A0DD767FF1A040325
I[2019-07-26|12:53:42.245] Executed block                               module=state height=271 validTxs=3 invalidTxs=0
I[2019-07-26|12:53:42.256] Committed state                              module=state height=271 txs=3 appHash=A4506BEC56E65A041FB9720A0AD66B7F8E06C890476E2DF1B010638883F60150
I[2019-07-26|12:53:47.264] Executed block                               module=state height=272 validTxs=3 invalidTxs=0
I[2019-07-26|12:53:47.282] Committed state                              module=state height=272 txs=3 appHash=9A931A3A475A75046F64146595E0E0070DC7D567B5ED936E567C7F4E4FDD322B
I[2019-07-26|12:53:52.278] Executed block                               module=state height=273 validTxs=3 invalidTxs=0
I[2019-07-26|12:53:52.293] Committed state                              module=state height=273 txs=3 appHash=CB752338EC46DCF9C0FBBC5919AE87821A61C7733EBC0AFDEFDE7670D8E75099
I[2019-07-26|12:53:57.295] Executed block                               module=state height=274 validTxs=3 invalidTxs=0
I[2019-07-26|12:53:57.311] Committed state                              module=state height=274 txs=3 appHash=26142D2AA2DE5AB2BDD92DD2430A6CCBCA2169F4BF9584A17292787A436957D5
I[2019-07-26|12:54:02.311] Executed block                               module=state height=275 validTxs=3 invalidTxs=0
I[2019-07-26|12:54:02.331] Committed state                              module=state height=275 txs=3 appHash=B7A84F5BABFB1E5E770E9D7B92137C42287807179A9F8C174D8C2221BBC4F007
E[2019-07-26|12:54:02.920] Couldn't connect to any seeds                module=p2p 
I[2019-07-26|12:54:07.320] Executed block                               module=state height=276 validTxs=3 invalidTxs=0
I[2019-07-26|12:54:07.331] Committed state                              module=state height=276 txs=3 appHash=9E2A98EEA47594F0F4626310E9A5E57FEE0FC62BA5689BF5835630B9A7FD3B44
I[2019-07-26|12:54:12.338] Executed block                               module=state height=277 validTxs=3 invalidTxs=0
I[2019-07-26|12:54:12.351] Committed state                              module=state height=277 txs=3 appHash=4823E6FABD08546F200A95A06E4EE5938E10BE8C692DA59713B2CB7D92391323
I[2019-07-26|12:54:17.354] Executed block                               module=state height=278 validTxs=3 invalidTxs=0
I[2019-07-26|12:54:17.375] Committed state                              module=state height=278 txs=3 appHash=05E72BE72E3A6F18936736239E1D98656EA7B7B4F3D612B3464E446BFD24C071
I[2019-07-26|12:54:22.365] Executed block                               module=state height=279 validTxs=3 invalidTxs=0
I[2019-07-26|12:54:22.377] Committed state                              module=state height=279 txs=3 appHash=F666E02E2710DD5BEE03DC43A23DD783C79A015CAEF700EA85A718933950F5ED
I[2019-07-26|12:54:27.385] Executed block                               module=state height=280 validTxs=3 invalidTxs=0
I[2019-07-26|12:54:27.403] Committed state                              module=state height=280 txs=3 appHash=9D04027FC232251F4897AC93832DFBAA79745A4ABC616A92A274F7E895D09C9A
I[2019-07-26|12:54:32.399] Executed block                               module=state height=281 validTxs=3 invalidTxs=0
I[2019-07-26|12:54:32.416] Committed state                              module=state height=281 txs=3 appHash=E33950AEFA58E26D0EA1AC2C056BA984F904DCF4AC5D784E751BE6D3D1214766
E[2019-07-26|12:54:32.920] Couldn't connect to any seeds                module=p2p 
I[2019-07-26|12:54:37.415] Executed block                               module=state height=282 validTxs=3 invalidTxs=0
I[2019-07-26|12:54:37.432] Committed state                              module=state height=282 txs=3 appHash=83482B022DF932023E9EBD17A5C23718259EBC472681237796C9C5CF332EC43A
I[2019-07-26|12:54:42.425] Executed block                               module=state height=283 validTxs=3 invalidTxs=0
I[2019-07-26|12:54:42.435] Committed state                              module=state height=283 txs=3 appHash=031721A44B422EABD1A2E9AF4D537D5B3A850B46D995C2C9A0B5E90807098C1E
I[2019-07-26|12:54:47.445] Executed block                               module=state height=284 validTxs=3 invalidTxs=0
I[2019-07-26|12:54:47.464] Committed state                              module=state height=284 txs=3 appHash=CCC9AC47198695E10E1F5140900D3ADC01128A37727892E520CA2851A9537A5A
I[2019-07-26|12:54:52.459] Executed block                               module=state height=285 validTxs=3 invalidTxs=0
I[2019-07-26|12:54:52.474] Committed state                              module=state height=285 txs=3 appHash=BFD97AFB4792C8203B0BA464A1FE24956C64616E64152909BD1BCBE88EB59332
I[2019-07-26|12:54:57.475] Executed block                               module=state height=286 validTxs=3 invalidTxs=0
I[2019-07-26|12:54:57.492] Committed state                              module=state height=286 txs=3 appHash=8003A8C5DF8410442E8F29E487BF4F47D26D92268B6733EBF1967152F3D242D8
I[2019-07-26|12:55:02.490] Executed block                               module=state height=287 validTxs=3 invalidTxs=0
I[2019-07-26|12:55:02.504] Committed state                              module=state height=287 txs=3 appHash=48D94A10928C8598C08E114C07ABA43979CACB4514058A31DE6C21C34D87EA27
E[2019-07-26|12:55:02.921] Couldn't connect to any seeds                module=p2p 
I[2019-07-26|12:55:07.506] Executed block                               module=state height=288 validTxs=3 invalidTxs=0
I[2019-07-26|12:55:07.523] Committed state                              module=state height=288 txs=3 appHash=7AD20F9EA4BE3E4D5FB29EC399BCAA9BC52C23DBB6543AF5908DB0B2AFD5397B
I[2019-07-26|12:55:12.519] Executed block                               module=state height=289 validTxs=3 invalidTxs=0
I[2019-07-26|12:55:12.534] Committed state                              module=state height=289 txs=3 appHash=C7EF3D373B1B5932C2AB204CA103189CC3DB4EBCC3E90463CC352286D9FCD5D1
I[2019-07-26|12:55:17.534] Executed block                               module=state height=290 validTxs=3 invalidTxs=0
I[2019-07-26|12:55:17.552] Committed state                              module=state height=290 txs=3 appHash=E1D0860BFB8E0FBCED487CF25E15E91DDF8EE08E93C88DDA9F6DD1ACE63F3646
I[2019-07-26|12:55:22.550] Executed block                               module=state height=291 validTxs=3 invalidTxs=0
I[2019-07-26|12:55:22.570] Committed state                              module=state height=291 txs=3 appHash=5FF953098EF7D7C31687AE5931FC7AF5DBCD04D19B1896E5488E0C60891AAEDC
I[2019-07-26|12:55:27.565] Executed block                               module=state height=292 validTxs=3 invalidTxs=0
I[2019-07-26|12:55:27.584] Committed state                              module=state height=292 txs=3 appHash=9AC9B72196F489B27B17695E4404FF69A0C3A36D71A9D3BB846868BC141ACAD9
I[2019-07-26|12:55:32.579] Executed block                               module=state height=293 validTxs=3 invalidTxs=0
I[2019-07-26|12:55:32.593] Committed state                              module=state height=293 txs=3 appHash=7DB4F2B348222802589B10A962BC637ADADE1EE18E544D2D42EBA858AB85B0B1
E[2019-07-26|12:55:32.920] Couldn't connect to any seeds                module=p2p 
I[2019-07-26|12:55:37.595] Executed block                               module=state height=294 validTxs=3 invalidTxs=0
I[2019-07-26|12:55:37.612] Committed state                              module=state height=294 txs=3 appHash=303D3CEB6EF79477D5F8A69F892D9124A2BF24CA2087E49F6886596C30E5FBA6
I[2019-07-26|12:55:42.611] Executed block                               module=state height=295 validTxs=3 invalidTxs=0
I[2019-07-26|12:55:42.631] Committed state                              module=state height=295 txs=3 appHash=417AE9F4E96C6DD2D3E7422553645104549DFD8091781650FDD3957A8D271CEB
I[2019-07-26|12:55:47.628] Executed block                               module=state height=296 validTxs=3 invalidTxs=0
I[2019-07-26|12:55:47.649] Committed state                              module=state height=296 txs=3 appHash=E8344BE3471A510F07C6F6CEC5FD39607CECD028223416D96EDD104E36330297
I[2019-07-26|12:55:52.643] Executed block                               module=state height=297 validTxs=3 invalidTxs=0
I[2019-07-26|12:55:52.663] Committed state                              module=state height=297 txs=3 appHash=163353FE486314357990F6479AF652D687D327D378A1501006F429C12F8F9452
I[2019-07-26|12:55:57.658] Executed block                               module=state height=298 validTxs=3 invalidTxs=0
I[2019-07-26|12:55:57.676] Committed state                              module=state height=298 txs=3 appHash=1458C4942EE78FA94E411554CECA9648F6A94A6B9066A8E5ED0904895E047E3D
I[2019-07-26|12:56:02.676] Executed block                               module=state height=299 validTxs=3 invalidTxs=0
I[2019-07-26|12:56:02.694] Committed state                              module=state height=299 txs=3 appHash=51803A76DFC1A0EBCFBE84D46AB268327BD17DEF93E96CE8C83196C05C990D5C
E[2019-07-26|12:56:02.920] Couldn't connect to any seeds                module=p2p 
I[2019-07-26|12:56:07.689] Executed block                               module=state height=300 validTxs=3 invalidTxs=0
I[2019-07-26|12:56:07.707] Committed state                              module=state height=300 txs=3 appHash=0EB0568FB6DDAA021A032E792D2259C02DD796E75D83854DCD021541BBFC2262
I[2019-07-26|12:56:12.706] Executed block                               module=state height=301 validTxs=3 invalidTxs=0
I[2019-07-26|12:56:12.725] Committed state                              module=state height=301 txs=3 appHash=AD57A04DF3EBCFBC26FA66469C0868171237F9E789945D3EEF83D8C3CC6943ED
I[2019-07-26|12:56:17.721] Executed block                               module=state height=302 validTxs=3 invalidTxs=0
I[2019-07-26|12:56:17.734] Committed state                              module=state height=302 txs=3 appHash=8F0D554EE5F4F6415C4C89A971DD30FA7D6036918DAEA043BF569F054E6164A7
I[2019-07-26|12:56:22.736] Executed block                               module=state height=303 validTxs=3 invalidTxs=0
I[2019-07-26|12:56:22.750] Committed state                              module=state height=303 txs=3 appHash=07EEAF8EAD2B70F195954274257B936D97F527521C1EF6ACBB196C2A76712C30
I[2019-07-26|12:56:27.752] Executed block                               module=state height=304 validTxs=3 invalidTxs=0
I[2019-07-26|12:56:27.770] Committed state                              module=state height=304 txs=3 appHash=E8AF4B971BB02A150CDA2540F3539CE3BC302D3EB815A20C90C738529B180659
I[2019-07-26|12:56:32.764] Executed block                               module=state height=305 validTxs=3 invalidTxs=0
I[2019-07-26|12:56:32.779] Committed state                              module=state height=305 txs=3 appHash=044184F76697CDA332CB095586B615DBC4AB4414F6E283DD673890B368D1F2F4
E[2019-07-26|12:56:32.920] Couldn't connect to any seeds                module=p2p 
I[2019-07-26|12:56:37.783] Executed block                               module=state height=306 validTxs=3 invalidTxs=0
I[2019-07-26|12:56:37.806] Committed state                              module=state height=306 txs=3 appHash=4E27F7AED6D6CC599D39467FD3F892E102BE92154B36193E8C84F22D28177BDB
I[2019-07-26|12:56:42.796] Executed block                               module=state height=307 validTxs=0 invalidTxs=0
I[2019-07-26|12:56:42.829] Committed state                              module=state height=307 txs=0 appHash=1660114DE1E6DA9EA8257D28539C1719697E86A58BC8BC8AD85D982B28ED3D14
I[2019-07-26|12:56:47.812] Executed block                               module=state height=308 validTxs=0 invalidTxs=0
I[2019-07-26|12:56:47.847] Committed state                              module=state height=308 txs=0 appHash=36C9063F265B6F8E667BBC87CDF40740085E23E4F26226C4E9DCB687379BD43F
I[2019-07-26|12:56:52.828] Executed block                               module=state height=309 validTxs=0 invalidTxs=0
I[2019-07-26|12:56:52.862] Committed state                              module=state height=309 txs=0 appHash=CD473B60D76BA9EC07B1F9C62559E51E4EC348440472B11F396DA4E36EC64E46
I[2019-07-26|12:56:57.845] Executed block                               module=state height=310 validTxs=0 invalidTxs=0
I[2019-07-26|12:56:57.876] Committed state                              module=state height=310 txs=0 appHash=9B26E9818A9EBF963DAF794686A9025E571C2E0D71CDA4B4D0E36BA41B5795A7
I[2019-07-26|12:57:02.861] Executed block                               module=state height=311 validTxs=0 invalidTxs=0
I[2019-07-26|12:57:02.892] Committed state                              module=state height=311 txs=0 appHash=D33DA0AECF6C56EF9E0B8570DA4C7AA02377C6CC75AB0522F76E5FF812585AC0
E[2019-07-26|12:57:02.921] Couldn't connect to any seeds                module=p2p 
I[2019-07-26|12:57:07.876] Executed block                               module=state height=312 validTxs=0 invalidTxs=0
I[2019-07-26|12:57:07.910] Committed state                              module=state height=312 txs=0 appHash=E6A25E9CCBF1CE126F462DC9F33817BB812DA7E45861B36CF619AE5FD9C70E48
I[2019-07-26|12:57:12.892] Executed block                               module=state height=313 validTxs=0 invalidTxs=0
I[2019-07-26|12:57:12.926] Committed state                              module=state height=313 txs=0 appHash=26524FAE80C4966DE978EA8420019A835EBD1B5863F2E0D4F6F1B4F487769B7A
E[2019-07-26|12:57:14.686] Not stopping BlockPool -- have not been started yet module=blockchain impl=BlockPool
