gopath: /home/users/ccourageux/exp/tendermint/go
gobin: /home/users/ccourageux/exp/tendermint/go/bin
 _____ _           _   
|   __| |_ ___ ___| |_ 
|__   |  _| .'|  _|  _|
|_____|_| |__,|_| |_|  
                     
+ rm -rf /home/users/ccourageux/exp/tendermint/.nsd
+ nsd init mon --chain-id namechain --home /home/users/ccourageux/exp/tendermint/.nsd
{
  "moniker": "mon",
  "chain_id": "namechain",
  "node_id": "593fea9a30557606ecd8a03a0a355e704fb50460",
  "gentxs_dir": "",
  "app_message": {
    "slashing": {
      "params": {
        "max_evidence_age": "120000000000",
        "signed_blocks_window": "100",
        "min_signed_per_window": "0.500000000000000000",
        "downtime_jail_duration": "600000000000",
        "slash_fraction_double_sign": "0.050000000000000000",
        "slash_fraction_downtime": "0.010000000000000000"
      },
      "signing_infos": {},
      "missed_blocks": {}
    },
    "auth": {
      "collected_fees": [],
      "params": {
        "max_memo_characters": "256",
        "tx_sig_limit": "7",
        "tx_size_cost_per_byte": "10",
        "sig_verify_cost_ed25519": "590",
        "sig_verify_cost_secp256k1": "1000"
      }
    },
    "genutil": {
      "gentxs": null
    },
    "nameservice": {
      "whois_records": []
    },
    "staking": {
      "pool": {
        "not_bonded_tokens": "0",
        "bonded_tokens": "0"
      },
      "params": {
        "unbonding_time": "259200000000000",
        "max_validators": 100,
        "max_entries": 7,
        "bond_denom": "stake"
      },
      "last_total_power": "0",
      "last_validator_powers": null,
      "validators": null,
      "delegations": null,
      "unbonding_delegations": null,
      "redelegations": null,
      "exported": false
    },
    "params": null,
    "distr": {
      "fee_pool": {
        "community_pool": []
      },
      "community_tax": "0.020000000000000000",
      "base_proposer_reward": "0.010000000000000000",
      "bonus_proposer_reward": "0.040000000000000000",
      "withdraw_addr_enabled": true,
      "delegator_withdraw_infos": [],
      "previous_proposer": "",
      "outstanding_rewards": [],
      "validator_accumulated_commissions": [],
      "validator_historical_rewards": [],
      "validator_current_rewards": [],
      "delegator_starting_infos": [],
      "validator_slash_events": []
    },
    "accounts": [],
    "bank": {
      "send_enabled": true
    }
  }
}
+ nscli keys add alice --home /home/users/ccourageux/exp/tendermint/.nscli
ERROR: EOF
+ nscli keys add bob --home /home/users/ccourageux/exp/tendermint/.nscli
ERROR: EOF
+ nscli keys add charlie --home /home/users/ccourageux/exp/tendermint/.nscli
ERROR: EOF
++ nscli keys show alice -a --home /home/users/ccourageux/exp/tendermint/.nscli
+ nsd add-genesis-account cosmos1spkgl2nqf38kl9tx4sf3tc0m8aprse2rr58dmp 100token,100000000stake --home /home/users/ccourageux/exp/tendermint/.nsd --home-client /home/users/ccourageux/exp/tendermint/.nscli
++ nscli keys show bob -a --home /home/users/ccourageux/exp/tendermint/.nscli
+ nsd add-genesis-account cosmos1g70hn7nxkeg75f0jkpamj0dgrexpp9pqu3vxcq 100token,100000000stake --home /home/users/ccourageux/exp/tendermint/.nsd --home-client /home/users/ccourageux/exp/tendermint/.nscli
++ nscli keys show charlie -a --home /home/users/ccourageux/exp/tendermint/.nscli
+ nsd add-genesis-account cosmos1q0rdv63tcuwpg6gffcx39gw6cfvdvh00ufzthh 100token,100000000stake --home /home/users/ccourageux/exp/tendermint/.nsd --home-client /home/users/ccourageux/exp/tendermint/.nscli
+ nscli config chain-id namechain --home /home/users/ccourageux/exp/tendermint/.nscli
configuration saved to /home/users/ccourageux/exp/tendermint/.nscli/config/config.toml
+ nscli config output json --home /home/users/ccourageux/exp/tendermint/.nscli
configuration saved to /home/users/ccourageux/exp/tendermint/.nscli/config/config.toml
+ nscli config indent true --home /home/users/ccourageux/exp/tendermint/.nscli
configuration saved to /home/users/ccourageux/exp/tendermint/.nscli/config/config.toml
+ nscli config trust-node true --home /home/users/ccourageux/exp/tendermint/.nscli
configuration saved to /home/users/ccourageux/exp/tendermint/.nscli/config/config.toml
+ nsd gentx --home /home/users/ccourageux/exp/tendermint/.nsd --name alice --home-client /home/users/ccourageux/exp/tendermint/.nscli
Genesis transaction written to "/home/users/ccourageux/exp/tendermint/.nsd/config/gentx/gentx-593fea9a30557606ecd8a03a0a355e704fb50460.json"
+ nsd collect-gentxs --home /home/users/ccourageux/exp/tendermint/.nsd
{
  "moniker": "mon",
  "chain_id": "namechain",
  "node_id": "593fea9a30557606ecd8a03a0a355e704fb50460",
  "gentxs_dir": "/home/users/ccourageux/exp/tendermint/.nsd/config/gentx",
  "app_message": {
    "distr": {
      "fee_pool": {
        "community_pool": []
      },
      "community_tax": "0.020000000000000000",
      "base_proposer_reward": "0.010000000000000000",
      "bonus_proposer_reward": "0.040000000000000000",
      "withdraw_addr_enabled": true,
      "delegator_withdraw_infos": [],
      "previous_proposer": "",
      "outstanding_rewards": [],
      "validator_accumulated_commissions": [],
      "validator_historical_rewards": [],
      "validator_current_rewards": [],
      "delegator_starting_infos": [],
      "validator_slash_events": []
    },
    "genutil": {
      "gentxs": [
        {
          "type": "auth/StdTx",
          "value": {
            "msg": [
              {
                "type": "cosmos-sdk/MsgCreateValidator",
                "value": {
                  "description": {
                    "moniker": "mon",
                    "identity": "",
                    "website": "",
                    "details": ""
                  },
                  "commission": {
                    "rate": "0.100000000000000000",
                    "max_rate": "0.200000000000000000",
                    "max_change_rate": "0.010000000000000000"
                  },
                  "min_self_delegation": "1",
                  "delegator_address": "cosmos1spkgl2nqf38kl9tx4sf3tc0m8aprse2rr58dmp",
                  "validator_address": "cosmosvaloper1spkgl2nqf38kl9tx4sf3tc0m8aprse2rxqnchj",
                  "pubkey": "cosmosvalconspub1zcjduepqp5s44vz8zkaenw0y4g59g99hg5rt22n4yr7efhkzzavtvnf7rjdslcjjxd",
                  "value": {
                    "denom": "stake",
                    "amount": "100000000"
                  }
                }
              }
            ],
            "fee": {
              "amount": [],
              "gas": "200000"
            },
            "signatures": [
              {
                "pub_key": {
                  "type": "tendermint/PubKeySecp256k1",
                  "value": "A6jxKqu2cXFUtjn6tZ3kSLioDqUcgZao7BMgZ4SiLNbZ"
                },
                "signature": "pS5OXRVkp9aLzJ45nJllZ9vf7E7+mJzs9gUAab9JWTxda0GzVA5jPFlkKRKJd8lfJZYehKLwkBvibBLfZ+IVbA=="
              }
            ],
            "memo": "593fea9a30557606ecd8a03a0a355e704fb50460@172.17.6.3:26656"
          }
        }
      ]
    },
    "auth": {
      "collected_fees": [],
      "params": {
        "max_memo_characters": "256",
        "tx_sig_limit": "7",
        "tx_size_cost_per_byte": "10",
        "sig_verify_cost_ed25519": "590",
        "sig_verify_cost_secp256k1": "1000"
      }
    },
    "params": null,
    "slashing": {
      "params": {
        "max_evidence_age": "120000000000",
        "signed_blocks_window": "100",
        "min_signed_per_window": "0.500000000000000000",
        "downtime_jail_duration": "600000000000",
        "slash_fraction_double_sign": "0.050000000000000000",
        "slash_fraction_downtime": "0.010000000000000000"
      },
      "signing_infos": {},
      "missed_blocks": {}
    },
    "bank": {
      "send_enabled": true
    },
    "accounts": [
      {
        "address": "cosmos1spkgl2nqf38kl9tx4sf3tc0m8aprse2rr58dmp",
        "coins": [
          {
            "denom": "stake",
            "amount": "100000000"
          },
          {
            "denom": "token",
            "amount": "100"
          }
        ],
        "sequence_number": "0",
        "account_number": "0",
        "original_vesting": [],
        "delegated_free": [],
        "delegated_vesting": [],
        "start_time": "0",
        "end_time": "0"
      },
      {
        "address": "cosmos1g70hn7nxkeg75f0jkpamj0dgrexpp9pqu3vxcq",
        "coins": [
          {
            "denom": "stake",
            "amount": "100000000"
          },
          {
            "denom": "token",
            "amount": "100"
          }
        ],
        "sequence_number": "0",
        "account_number": "0",
        "original_vesting": [],
        "delegated_free": [],
        "delegated_vesting": [],
        "start_time": "0",
        "end_time": "0"
      },
      {
        "address": "cosmos1q0rdv63tcuwpg6gffcx39gw6cfvdvh00ufzthh",
        "coins": [
          {
            "denom": "stake",
            "amount": "100000000"
          },
          {
            "denom": "token",
            "amount": "100"
          }
        ],
        "sequence_number": "0",
        "account_number": "0",
        "original_vesting": [],
        "delegated_free": [],
        "delegated_vesting": [],
        "start_time": "0",
        "end_time": "0"
      }
    ],
    "staking": {
      "pool": {
        "not_bonded_tokens": "0",
        "bonded_tokens": "0"
      },
      "params": {
        "unbonding_time": "259200000000000",
        "max_validators": 100,
        "max_entries": 7,
        "bond_denom": "stake"
      },
      "last_total_power": "0",
      "last_validator_powers": null,
      "validators": null,
      "delegations": null,
      "unbonding_delegations": null,
      "redelegations": null,
      "exported": false
    },
    "nameservice": {
      "whois_records": []
    }
  }
}
+ nsd validate-genesis --home /home/users/ccourageux/exp/tendermint/.nsd
validating genesis file at /home/users/ccourageux/exp/tendermint/.nsd/config/genesis.json
File at /home/users/ccourageux/exp/tendermint/.nsd/config/genesis.json is a valid genesis file
+ cd /home/users/ccourageux/exp/tendermint
+ nsd start --home /home/users/ccourageux/exp/tendermint/.nsd --moniker mon
1.13user 0.48system 0:01.45elapsed 111%CPU (0avgtext+0avgdata 49024maxresident)k
110inputs+32outputs (0major+47453minor)pagefaults 0swaps
