Generating new Snapshot.txt file...
Enter amounts to be stored on the given addresses.
Amounts can be given as numbers, or with suffixes Ki Mi Gi Ti Pi.
Hit Return without entering an amount to switch to another seed.
Hit return for the first address of a seed assign the remaining IOTA
and finish the process.

Remaining IOTA: 2779530283277761

Seed: NVBCRLWVPJNFADMTSJEIAOYW9GOZYGTHYQZFDOEQTVAKGSJXC9NAJHJLZCYZESTTUSPQ9LWPLKDDBAHWN
  UKPMXDNKXGVKYZUYMASNODDIJZPLKWXDGETUFFIILN9FCKZMMUYKMKFCIFBJKIMVQGUDEY9NYPRY9SQB9MEVIWWJRA: 68768
  YXMJZZZAIFHMRUWRWCCJPFPBKPZLYOMGDJIYOIAEMK9EIXGSEMY9ECIWDWUKYVQSPWOYVYJGBLKGFHNYCQBYW9IJAX: 56657
  ROESBGEJUMPWRVRJHVNDLBILEGMWNEIVLEHKEMADGQNYV9RIZVNVGIODVYYLREJAJCMGBAYTLQSDCRFKDZMWSQIMIW: 0990
  JQDHQWWWHELIVGUSZFJMXFYRICQYAVFAEUMFBERKTIEMISQIVULGXAYMYLFCLYMALYRHXALISSBILAMPYDMGFFBSCC: 

Seed: GVICQMXOJEGTKHEEZMWQZLOWLMBXCRPLRDIXHDZEMOBWQVGAHXGJSWJTJFNPKIP9NKUGQCZKSLNZTMQV9
  AHUXZXPEAOMTATHTAZAM9JGZKK9UIFTHVDAITZKHVJXSDESUBOJDYBILRGWEVYYZAAHUMSIFAWEOWDUOXOOIITIEVD: 117389
  9EOXUTTPYSQEYS9TKZEACJVDDCQGUA9KUREHKJOTSOVBSGDSZGE9GRJDMUVLAECNIBOBJKMMBXEROVRCDBOXT9YXIZ: 3489
  NSJFLVBYYSGHHDBWOGMHMPXYKTRCGLKBMXXNBVWETLCPVSKKCOEOXJYDJVCCXBYJGIABEANYBE9OJRJJZRNSLBAA9C: 43232098
  AISE99WCKRTKXEMFEHXEZSJQJXJTVGZOE9EFWDERNTHBXEZUHJVHNGBHBN9NXWBLBFIAFQNSHZCJ9BBFCJJXV9HDDD: 

Seed: TQBLQMOXWASAVOPANJITAUTJIHXYQUFKDXVINTAQVBSEZAHTSBMGALNTDYVTIVUXFIMM9ZFEEMZEAWSVH
  GHOROHYZRFCWPIVKWKVUKKPPHQQGWFDNCDYRARJNXDNQZCCUVI9ZWREEDKOALJSWWGPQXRVYACJKWL9TWMIJAQJKXZ: 239832
  QEMQDUOKHNUQR9IGQIII9EQJXDRUWEDPAHM9SPNXCOJFOTPBQEYTSWWCXCBZWDELJMSPQCPCUXONFMSTWIMHEBGHOA: 34098
  9UKCU9DKF9VHMJWNAAXUDT9TCHUPQCPFNVAKBEIBLALJIEFQESGHYCSJPNYGSCUURBRMSZTKBSCD9ENQWLFEADHVRB: 349
  HGJYKLZOOE9O9GEFFBPWBWF9AITOUCITLWMLZYHOJFZRQ9ZGQVPHQVAYIXZHRTQFKULCNDNDKDEGDXPKDOBBMOITHY: 328
  PTXTNNUTQORR99AYEHKVNCCGGYUQRWZLAQGMOMCLQYWDDTNZJVPU9LJKQZHLSGYWQSOJTUXMXQJRHZHEYSBCO9K9QY: 1
  UOMXRYX99Q9MEPUVFWDJXPOIUJLVQTKKKCWQT9UYTFFY9OPDQCTAACVZYK9UWBJTOMOWIFHCMWGARJZFDGKLLGBPGX: 

Seed: KWTSZDHLWJFKNHYUPAMZTSQDWYTVOGOKPFPRQGGCIBTJOLZEMVXOM99FIDSSMWDCZ9FPUFJFSIKZVQUWW
  BIJFBPPNTHRK9VKUDZCPHBVFNXFFITLKAEWMFTZ9XUGALKZGFOGNGBQAMMOVVEROYHDSKIIQMNJUSNXMCEKMVNAVHD: 239924
  PXDKWMNQUQGDQC9NVIAWOWAIAQDTVTELCWCXAOGEJMLQZNJQTJUDPHDAYQBALPYMRPVGJMXOMGWDCJDIDVGSRUAYYY: 430539
  9AUGNTSRKOQKVFGEJJIDHIZXZWBVWKFYHMUZ99SRDNUHKETHYPMGXWVQ9IMQSDH9SOWSWMUAXY9UZDDF99ISMWNUBX: 3958343
  TSYPAQLZTKPXVFJHLL9OQOLLPSJBCFXMOFRFHVNIJKVYY9QMVBPRRWGZDCGDKVNPIYOPTODRPVVAWVAWZPLDENPCZD: 43488
  CKUPTYYLWOPEDSER9HPQZSVKYQGAKRRDOWAMVVIXKMWCFSPNXZMCPPYBVRUBRWEQZMUTO9DQAKTYGCNEDNTKSCUTQW: 2932939
  EBQ9ERVJKXYGJHBQRWTAZFEWKUPNVKGZWYSMYMCPX9QPJHITIWDENNVZRBBWWDDIXMNBIINUBHGJNMFODEWTOETUTB: 

Seed: BTCPYVB9QLVIBYNKUNOQPZYFIKDQAFXYNPDIRLFVAFYQYZDFLXOYOWJOATBQIMTYBPPIMZHPBQSIJINPH
  XOQLUGFXEOKSYAIWYMMAXMUOAL9NTWBQOTHAOHTOZJHGDXQTPSMDCCRHVSETD9WSJVWXLLFGHPJYXTORW9LVVIQKUW: 2389287
  YUWCMUYUDCDHZTXLJMH9OOUPUWHY9LPJWRRHRMJEHANNVDKVVDZLVT9FMXZKFPUNGJOHGBQDHVHCUBEUAATCGKLPRC: 247892872
  EIHCMBFUKZMHMXKGQIYWQADCLWRIBMTNQVEATFIGIHPSPFUUFGW9NWFFNSBWOII9ZCCHAEOHLASSQTQTW9XCXHUO9D: 348989430
  JPSESXKGVCNDGGRSZYUEWSPJDIY9ZVUJMWMRZJOYSTONRBHHHNXGJF9NXVNITSZIWEIRCQCFMJZPXVUYBBMBKZKLEA: 24994
  JJGYBHTJWCMKWCWPUOXWMAJCHN9LJNDDHIOITJDUJDSGSVOSKFVHSOVZWEHBN9O9NZMELLXIOAUENDLACAM9JVAXYW: 320
  OHUHVMBAWXBGCXYKUPPPKFINOUDUIDLMPW99CRLLQWZYGZANDSTG9TBCSDPMJTVAQUBPRGZ9GJXHNGZSZCJSCDIBN9: 2480942809429
  LMMCUFT9IKSQMDXURZUDFNVHSHYCTYMUWDSSDWDOYHZECPQEYMOYXYPRXRWLA9GONTVAMPIPKHZCI9UOBHZNGHMQYX: 

Seed: NXPSNTYRSKBANUFEZUZIQHGYWEKDZDLMEKIVBSDEDYSQEMHPXURPJHPUBFZDYYBY9WIR9PSMCNPKNAUIE
  QALNNYRCYDCVREZPDZILFU9HGJAHNHISE9WXLHZYCJJYPHURSY9ZDMYVEEPYFLWJNVI9DJLEPMZXTVSCCWXALWFDCD: 34098
  QUPJYHDZOKZLFBU9HIZKGPTGAXJARYOOBVQNTDQGGIUTXXUXLVIWOWGAKXNPHIHCOTNQSQHPKATPNLXYCJSGUZCASD: 

Seed: CSHJBFEQCYSMYGAVSLQJJKBCISRIWG9ZMBGUDPVP9VJMJKBVHECAGPBCQFGQLVRBDFJXNJGSUOIRGUGFU
  UKCPVPRCKEVBUNCNACGWLNXN9OLG9YUGKFJMWETGRFQTNREFBYN9YOUGLYWWLUYSCUUESOJBIFXTUQRGYTVPQQT9AX: 
  UKCPVPRCKEVBUNCNACGWLNXN9OLG9YUGKFJMWETGRFQTNREFBYN9YOUGLYWWLUYSCUUESOJBIFXTUQRGYTVPQQT9AX: 2777048689778099

Done.
